training with dataset of 8000 samples and validating with randomly splitted 2000 samples
Epoch:0 start...
Epoch 0 -- Step 0: Gen Loss: 317.883; Mel Error:3.812; Q Loss: 0.000; Distill Loss: 0.705; Time cost per step: 1.339s
Epoch 0 -- Step 10: Gen Loss: 198.993; Mel Error:1.773; Q Loss: 0.006; Distill Loss: 0.705; Time cost per step: 1.571s
Epoch 0 -- Step 20: Gen Loss: 197.810; Mel Error:1.882; Q Loss: 0.002; Distill Loss: 0.706; Time cost per step: 1.570s
Epoch 0 -- Step 30: Gen Loss: 187.987; Mel Error:1.773; Q Loss: 0.001; Distill Loss: 0.695; Time cost per step: 1.571s
Epoch 0 -- Step 40: Gen Loss: 176.726; Mel Error:1.520; Q Loss: 0.001; Distill Loss: 0.706; Time cost per step: 1.569s
Epoch 0 -- Step 50: Gen Loss: 193.369; Mel Error:1.735; Q Loss: 0.003; Distill Loss: 0.693; Time cost per step: 1.569s
Epoch 0 -- Step 60: Gen Loss: 196.245; Mel Error:1.691; Q Loss: 0.003; Distill Loss: 0.686; Time cost per step: 1.569s
Epoch 0 -- Step 70: Gen Loss: 202.755; Mel Error:2.070; Q Loss: 0.006; Distill Loss: 0.662; Time cost per step: 1.568s
Epoch 0 -- Step 80: Gen Loss: 220.277; Mel Error:2.030; Q Loss: 0.001; Distill Loss: 0.651; Time cost per step: 1.570s
Epoch 0 -- Step 90: Gen Loss: 182.119; Mel Error:1.711; Q Loss: 0.001; Distill Loss: 0.641; Time cost per step: 1.569s
Epoch 0 -- Step 100: Gen Loss: 196.622; Mel Error:1.723; Q Loss: 0.002; Distill Loss: 0.642; Time cost per step: 1.570s
Epoch 0 -- Step 110: Gen Loss: 176.628; Mel Error:1.569; Q Loss: 0.108; Distill Loss: 0.644; Time cost per step: 1.571s
Epoch 0 -- Step 120: Gen Loss: 181.178; Mel Error:1.686; Q Loss: 0.043; Distill Loss: 0.638; Time cost per step: 1.570s
Epoch 0 -- Step 130: Gen Loss: 180.976; Mel Error:1.572; Q Loss: 0.064; Distill Loss: 0.638; Time cost per step: 1.571s
Epoch 0 -- Step 140: Gen Loss: 180.777; Mel Error:1.439; Q Loss: 0.036; Distill Loss: 0.636; Time cost per step: 1.571s
Epoch 0 -- Step 150: Gen Loss: 196.922; Mel Error:1.933; Q Loss: 0.017; Distill Loss: 0.634; Time cost per step: 1.569s
Epoch 0 -- Step 160: Gen Loss: 196.628; Mel Error:1.918; Q Loss: 0.022; Distill Loss: 0.631; Time cost per step: 1.569s
Epoch 0 -- Step 170: Gen Loss: 191.492; Mel Error:1.993; Q Loss: 0.017; Distill Loss: 0.629; Time cost per step: 1.570s
Epoch 0 -- Step 180: Gen Loss: 191.148; Mel Error:1.716; Q Loss: 0.028; Distill Loss: 0.632; Time cost per step: 1.568s
Epoch 0 -- Step 190: Gen Loss: 196.183; Mel Error:1.929; Q Loss: 0.018; Distill Loss: 0.635; Time cost per step: 1.568s
Epoch 0 -- Step 200: Gen Loss: 187.703; Mel Error:1.779; Q Loss: 0.014; Distill Loss: 0.632; Time cost per step: 1.568s
Epoch 0 -- Step 210: Gen Loss: 185.418; Mel Error:1.638; Q Loss: 0.014; Distill Loss: 0.631; Time cost per step: 1.567s
Epoch 0 -- Step 220: Gen Loss: 187.450; Mel Error:1.700; Q Loss: 0.019; Distill Loss: 0.655; Time cost per step: 1.565s
Epoch 0 -- Step 230: Gen Loss: 190.301; Mel Error:1.831; Q Loss: 0.024; Distill Loss: 0.632; Time cost per step: 1.567s
Epoch 0 -- Step 240: Gen Loss: 184.019; Mel Error:1.667; Q Loss: 0.017; Distill Loss: 0.632; Time cost per step: 1.567s
Epoch 0 -- Step 250: Gen Loss: 199.503; Mel Error:1.789; Q Loss: 0.012; Distill Loss: 0.632; Time cost per step: 1.569s
Epoch 0 -- Step 260: Gen Loss: 215.881; Mel Error:2.069; Q Loss: 0.017; Distill Loss: 0.648; Time cost per step: 1.568s
Epoch 0 -- Step 270: Gen Loss: 178.333; Mel Error:1.514; Q Loss: 0.013; Distill Loss: 0.633; Time cost per step: 1.568s
Epoch 0 -- Step 280: Gen Loss: 177.776; Mel Error:1.592; Q Loss: 0.012; Distill Loss: 0.631; Time cost per step: 1.569s
Epoch 0 -- Step 290: Gen Loss: 189.145; Mel Error:1.762; Q Loss: 0.014; Distill Loss: 0.631; Time cost per step: 1.569s
Epoch 0 -- Step 300: Gen Loss: 179.625; Mel Error:1.488; Q Loss: 0.016; Distill Loss: 0.635; Time cost per step: 1.569s
Epoch 0 -- Step 310: Gen Loss: 199.460; Mel Error:1.807; Q Loss: 0.019; Distill Loss: 0.642; Time cost per step: 1.569s
Epoch 0 -- Step 320: Gen Loss: 193.709; Mel Error:1.891; Q Loss: 0.026; Distill Loss: 0.641; Time cost per step: 1.569s
Epoch 0 -- Step 330: Gen Loss: 193.731; Mel Error:1.646; Q Loss: 0.019; Distill Loss: 0.638; Time cost per step: 1.568s
Epoch 0 -- Step 340: Gen Loss: 225.904; Mel Error:1.863; Q Loss: 0.019; Distill Loss: 0.632; Time cost per step: 1.567s
Epoch 0 -- Step 350: Gen Loss: 197.506; Mel Error:1.947; Q Loss: 0.033; Distill Loss: 0.629; Time cost per step: 1.568s
Epoch 0 -- Step 360: Gen Loss: 192.378; Mel Error:1.720; Q Loss: 0.012; Distill Loss: 0.635; Time cost per step: 1.569s
Epoch 0 -- Step 370: Gen Loss: 198.390; Mel Error:1.945; Q Loss: 0.009; Distill Loss: 0.619; Time cost per step: 1.568s
Epoch 0 -- Step 380: Gen Loss: 197.686; Mel Error:1.742; Q Loss: 0.020; Distill Loss: 0.626; Time cost per step: 1.569s
Epoch 0 -- Step 390: Gen Loss: 178.986; Mel Error:1.412; Q Loss: 0.018; Distill Loss: 0.629; Time cost per step: 1.569s
Epoch 0 -- Step 400: Gen Loss: 177.553; Mel Error:1.339; Q Loss: 0.017; Distill Loss: 0.640; Time cost per step: 1.568s
Epoch 0 -- Step 410: Gen Loss: 194.887; Mel Error:1.785; Q Loss: 0.013; Distill Loss: 0.617; Time cost per step: 1.569s
Epoch 0 -- Step 420: Gen Loss: 193.805; Mel Error:1.860; Q Loss: 0.012; Distill Loss: 0.619; Time cost per step: 1.569s
Epoch 0 -- Step 430: Gen Loss: 193.244; Mel Error:1.817; Q Loss: 0.015; Distill Loss: 0.621; Time cost per step: 1.568s
Epoch 0 -- Step 440: Gen Loss: 207.728; Mel Error:1.936; Q Loss: 0.007; Distill Loss: 0.632; Time cost per step: 1.568s
Epoch 0 -- Step 450: Gen Loss: 186.786; Mel Error:1.604; Q Loss: 0.015; Distill Loss: 0.622; Time cost per step: 1.568s
Epoch 0 -- Step 460: Gen Loss: 198.255; Mel Error:1.716; Q Loss: 0.016; Distill Loss: 0.626; Time cost per step: 1.568s
Epoch 0 -- Step 470: Gen Loss: 208.661; Mel Error:1.938; Q Loss: 0.015; Distill Loss: 0.628; Time cost per step: 1.568s
Epoch 0 -- Step 480: Gen Loss: 186.979; Mel Error:1.565; Q Loss: 0.013; Distill Loss: 0.639; Time cost per step: 1.568s
Epoch 0 -- Step 490: Gen Loss: 200.917; Mel Error:1.698; Q Loss: 0.009; Distill Loss: 0.637; Time cost per step: 1.567s
Epoch 0 -- Step 500: Gen Loss: 173.639; Mel Error:1.442; Q Loss: 0.014; Distill Loss: 0.633; Time cost per step: 1.568s
Epoch 0 -- Step 510: Gen Loss: 199.686; Mel Error:1.702; Q Loss: 0.008; Distill Loss: 0.636; Time cost per step: 1.570s
Epoch 0 -- Step 520: Gen Loss: 194.337; Mel Error:1.650; Q Loss: 0.011; Distill Loss: 0.620; Time cost per step: 1.568s
Epoch 0 -- Step 530: Gen Loss: 199.430; Mel Error:1.905; Q Loss: 0.011; Distill Loss: 0.618; Time cost per step: 1.569s
Epoch 0 -- Step 540: Gen Loss: 193.751; Mel Error:1.565; Q Loss: 0.014; Distill Loss: 0.636; Time cost per step: 1.570s
Epoch 0 -- Step 550: Gen Loss: 182.434; Mel Error:1.393; Q Loss: 0.010; Distill Loss: 0.635; Time cost per step: 1.569s
Epoch 0 -- Step 560: Gen Loss: 193.224; Mel Error:1.676; Q Loss: 0.011; Distill Loss: 0.625; Time cost per step: 1.569s
Epoch 0 -- Step 570: Gen Loss: 196.306; Mel Error:1.698; Q Loss: 0.012; Distill Loss: 0.638; Time cost per step: 1.569s
Epoch 0 -- Step 580: Gen Loss: 187.816; Mel Error:1.716; Q Loss: 0.020; Distill Loss: 0.634; Time cost per step: 1.569s
Epoch 0 -- Step 590: Gen Loss: 200.627; Mel Error:1.805; Q Loss: 0.016; Distill Loss: 0.631; Time cost per step: 1.568s
Epoch 0 -- Step 600: Gen Loss: 184.612; Mel Error:1.391; Q Loss: 0.012; Distill Loss: 0.634; Time cost per step: 1.568s
Epoch 0 -- Step 610: Gen Loss: 202.850; Mel Error:1.974; Q Loss: 0.008; Distill Loss: 0.612; Time cost per step: 1.570s
Epoch 0 -- Step 620: Gen Loss: 183.338; Mel Error:1.406; Q Loss: 0.012; Distill Loss: 0.635; Time cost per step: 1.568s
Epoch 0 -- Step 630: Gen Loss: 185.491; Mel Error:1.593; Q Loss: 0.027; Distill Loss: 0.635; Time cost per step: 1.569s
Epoch 0 -- Step 640: Gen Loss: 182.935; Mel Error:1.515; Q Loss: 0.018; Distill Loss: 0.634; Time cost per step: 1.570s
Epoch 0 -- Step 650: Gen Loss: 198.762; Mel Error:1.658; Q Loss: 0.012; Distill Loss: 0.624; Time cost per step: 1.569s
Epoch 0 -- Step 660: Gen Loss: 204.872; Mel Error:1.982; Q Loss: 0.012; Distill Loss: 0.625; Time cost per step: 1.567s
Epoch 0 -- Step 670: Gen Loss: 202.029; Mel Error:1.894; Q Loss: 0.012; Distill Loss: 0.625; Time cost per step: 1.567s
Epoch 0 -- Step 680: Gen Loss: 209.059; Mel Error:2.196; Q Loss: 0.009; Distill Loss: 0.623; Time cost per step: 1.567s
Epoch 0 -- Step 690: Gen Loss: 200.675; Mel Error:1.801; Q Loss: 0.016; Distill Loss: 0.631; Time cost per step: 1.567s
Epoch 0 -- Step 700: Gen Loss: 203.211; Mel Error:1.839; Q Loss: 0.011; Distill Loss: 0.637; Time cost per step: 1.568s
Epoch 0 -- Step 710: Gen Loss: 197.756; Mel Error:1.731; Q Loss: 0.010; Distill Loss: 0.632; Time cost per step: 1.567s
Epoch 0 -- Step 720: Gen Loss: 203.599; Mel Error:1.896; Q Loss: 0.014; Distill Loss: 0.637; Time cost per step: 1.567s
Epoch 0 -- Step 730: Gen Loss: 191.082; Mel Error:1.554; Q Loss: 0.025; Distill Loss: 0.638; Time cost per step: 1.567s
Epoch 0 -- Step 740: Gen Loss: 190.231; Mel Error:1.634; Q Loss: 0.058; Distill Loss: 0.632; Time cost per step: 1.568s
Epoch 0 -- Step 750: Gen Loss: 233.821; Mel Error:2.306; Q Loss: 0.666; Distill Loss: 0.770; Time cost per step: 1.569s
Epoch 0 -- Step 760: Gen Loss: 190.302; Mel Error:1.720; Q Loss: 0.122; Distill Loss: 0.640; Time cost per step: 1.570s
Epoch 0 -- Step 770: Gen Loss: 176.435; Mel Error:1.427; Q Loss: 0.124; Distill Loss: 0.633; Time cost per step: 1.567s
Epoch 0 -- Step 780: Gen Loss: 186.158; Mel Error:1.639; Q Loss: 0.087; Distill Loss: 0.633; Time cost per step: 1.566s
Epoch 0 -- Step 790: Gen Loss: 195.926; Mel Error:1.830; Q Loss: 0.072; Distill Loss: 0.639; Time cost per step: 1.567s
Epoch 0 -- Step 800: Gen Loss: 217.506; Mel Error:2.033; Q Loss: 0.374; Distill Loss: 0.638; Time cost per step: 1.567s
Epoch 0 -- Step 810: Gen Loss: 210.130; Mel Error:1.707; Q Loss: 0.327; Distill Loss: 0.648; Time cost per step: 1.567s
Epoch 0 -- Step 820: Gen Loss: 212.830; Mel Error:1.968; Q Loss: 0.192; Distill Loss: 0.642; Time cost per step: 1.567s
Epoch 0 -- Step 830: Gen Loss: 196.903; Mel Error:1.703; Q Loss: 0.237; Distill Loss: 0.638; Time cost per step: 1.567s
Epoch 0 -- Step 840: Gen Loss: 177.924; Mel Error:1.396; Q Loss: 0.157; Distill Loss: 0.638; Time cost per step: 1.567s
Epoch 0 -- Step 850: Gen Loss: 191.806; Mel Error:1.731; Q Loss: 0.046; Distill Loss: 0.636; Time cost per step: 1.566s
Epoch 0 -- Step 860: Gen Loss: 200.479; Mel Error:1.759; Q Loss: 0.061; Distill Loss: 0.637; Time cost per step: 1.567s
Epoch 0 -- Step 870: Gen Loss: 191.866; Mel Error:1.492; Q Loss: 0.046; Distill Loss: 0.632; Time cost per step: 1.568s
Epoch 0 -- Step 880: Gen Loss: 192.791; Mel Error:1.715; Q Loss: 0.029; Distill Loss: 0.631; Time cost per step: 1.566s
Epoch 0 -- Step 890: Gen Loss: 185.900; Mel Error:1.447; Q Loss: 0.029; Distill Loss: 0.639; Time cost per step: 1.568s
Epoch 0 -- Step 900: Gen Loss: 208.316; Mel Error:1.900; Q Loss: 0.021; Distill Loss: 0.639; Time cost per step: 1.566s
Epoch 0 -- Step 910: Gen Loss: 205.806; Mel Error:1.973; Q Loss: 0.036; Distill Loss: 0.637; Time cost per step: 1.567s
Epoch 0 -- Step 920: Gen Loss: 203.231; Mel Error:1.633; Q Loss: 0.026; Distill Loss: 0.637; Time cost per step: 1.568s
Epoch 0 -- Step 930: Gen Loss: 179.980; Mel Error:1.561; Q Loss: 0.029; Distill Loss: 0.638; Time cost per step: 1.565s
Epoch 0 -- Step 940: Gen Loss: 206.118; Mel Error:1.873; Q Loss: 0.024; Distill Loss: 0.629; Time cost per step: 1.566s
Epoch 0 -- Step 950: Gen Loss: 183.712; Mel Error:1.402; Q Loss: 0.026; Distill Loss: 0.637; Time cost per step: 1.566s
Epoch 0 -- Step 960: Gen Loss: 194.569; Mel Error:1.660; Q Loss: 0.026; Distill Loss: 0.631; Time cost per step: 1.566s
Epoch 0 -- Step 970: Gen Loss: 200.712; Mel Error:1.800; Q Loss: 0.023; Distill Loss: 0.632; Time cost per step: 1.566s
Epoch 0 -- Step 980: Gen Loss: 193.827; Mel Error:1.732; Q Loss: 0.034; Distill Loss: 0.623; Time cost per step: 1.567s
Epoch 0 -- Step 990: Gen Loss: 195.891; Mel Error:1.623; Q Loss: 0.050; Distill Loss: 0.635; Time cost per step: 1.566s
Epoch 0 -- Step 1000: Gen Loss: 201.076; Mel Error:1.882; Q Loss: 0.023; Distill Loss: 0.624; Time cost per step: 1.567s
Epoch 0 -- Step 1010: Gen Loss: 225.783; Mel Error:2.255; Q Loss: 0.029; Distill Loss: 0.622; Time cost per step: 1.566s
Epoch 0 -- Step 1020: Gen Loss: 201.283; Mel Error:1.788; Q Loss: 0.046; Distill Loss: 0.633; Time cost per step: 1.566s
Epoch 0 -- Step 1030: Gen Loss: 217.397; Mel Error:1.845; Q Loss: 0.034; Distill Loss: 0.632; Time cost per step: 1.567s
Epoch 0 -- Step 1040: Gen Loss: 207.049; Mel Error:1.983; Q Loss: 0.050; Distill Loss: 0.627; Time cost per step: 1.567s
Epoch 0 -- Step 1050: Gen Loss: 188.925; Mel Error:1.521; Q Loss: 0.081; Distill Loss: 0.636; Time cost per step: 1.566s
Epoch 0 -- Step 1060: Gen Loss: 184.816; Mel Error:1.579; Q Loss: 0.100; Distill Loss: 0.631; Time cost per step: 1.566s
Epoch 0 -- Step 1070: Gen Loss: 194.941; Mel Error:1.452; Q Loss: 0.027; Distill Loss: 0.638; Time cost per step: 1.566s
Epoch 0 -- Step 1080: Gen Loss: 200.387; Mel Error:1.674; Q Loss: 0.029; Distill Loss: 0.625; Time cost per step: 1.566s
Epoch 0 -- Step 1090: Gen Loss: 195.373; Mel Error:1.696; Q Loss: 0.023; Distill Loss: 0.630; Time cost per step: 1.566s
Epoch 0 -- Step 1100: Gen Loss: 213.522; Mel Error:2.034; Q Loss: 0.029; Distill Loss: 0.624; Time cost per step: 1.566s
Epoch 0 -- Step 1110: Gen Loss: 194.375; Mel Error:1.659; Q Loss: 0.025; Distill Loss: 0.618; Time cost per step: 1.568s
Epoch 0 -- Step 1120: Gen Loss: 200.090; Mel Error:1.826; Q Loss: 0.097; Distill Loss: 0.623; Time cost per step: 1.566s
Epoch 0 -- Step 1130: Gen Loss: 195.448; Mel Error:1.616; Q Loss: 0.043; Distill Loss: 0.634; Time cost per step: 1.567s
Epoch 0 -- Step 1140: Gen Loss: 196.034; Mel Error:1.852; Q Loss: 0.060; Distill Loss: 0.621; Time cost per step: 1.567s
Epoch 0 -- Step 1150: Gen Loss: 208.231; Mel Error:2.184; Q Loss: 0.025; Distill Loss: 0.625; Time cost per step: 1.566s
Epoch 0 -- Step 1160: Gen Loss: 199.789; Mel Error:1.816; Q Loss: 0.033; Distill Loss: 0.630; Time cost per step: 1.566s
Epoch 0 -- Step 1170: Gen Loss: 205.318; Mel Error:1.771; Q Loss: 0.024; Distill Loss: 0.626; Time cost per step: 1.567s
Epoch 0 -- Step 1180: Gen Loss: 192.890; Mel Error:1.465; Q Loss: 0.028; Distill Loss: 0.639; Time cost per step: 1.575s
Epoch 0 -- Step 1190: Gen Loss: 204.608; Mel Error:1.768; Q Loss: 0.022; Distill Loss: 0.631; Time cost per step: 1.567s
Epoch 0 -- Step 1200: Gen Loss: 214.732; Mel Error:2.214; Q Loss: 0.120; Distill Loss: 0.605; Time cost per step: 1.567s
Epoch 0 -- Step 1210: Gen Loss: 199.316; Mel Error:1.807; Q Loss: 0.051; Distill Loss: 0.627; Time cost per step: 1.567s
Epoch 0 -- Step 1220: Gen Loss: 183.757; Mel Error:1.403; Q Loss: 0.023; Distill Loss: 0.628; Time cost per step: 1.567s
Epoch 0 -- Step 1230: Gen Loss: 194.656; Mel Error:1.705; Q Loss: 0.027; Distill Loss: 0.632; Time cost per step: 1.568s
Epoch 0 -- Step 1240: Gen Loss: 201.517; Mel Error:1.503; Q Loss: 0.019; Distill Loss: 0.639; Time cost per step: 1.567s
Epoch 0 -- Step 1250: Gen Loss: 202.057; Mel Error:1.645; Q Loss: 0.030; Distill Loss: 0.641; Time cost per step: 1.567s
Epoch 0 -- Step 1260: Gen Loss: 186.184; Mel Error:1.421; Q Loss: 0.029; Distill Loss: 0.622; Time cost per step: 1.567s
Epoch 0 -- Step 1270: Gen Loss: 205.591; Mel Error:1.721; Q Loss: 0.022; Distill Loss: 0.631; Time cost per step: 1.567s
Epoch 0 -- Step 1280: Gen Loss: 191.211; Mel Error:1.550; Q Loss: 0.017; Distill Loss: 0.627; Time cost per step: 1.566s
Epoch 0 -- Step 1290: Gen Loss: 189.453; Mel Error:1.510; Q Loss: 0.056; Distill Loss: 0.624; Time cost per step: 1.566s
Epoch 0 -- Step 1300: Gen Loss: 201.845; Mel Error:1.669; Q Loss: 0.037; Distill Loss: 0.629; Time cost per step: 1.568s
Epoch 0 -- Step 1310: Gen Loss: 182.328; Mel Error:1.283; Q Loss: 0.016; Distill Loss: 0.629; Time cost per step: 1.568s
Epoch 0 -- Step 1320: Gen Loss: 193.534; Mel Error:1.589; Q Loss: 0.034; Distill Loss: 0.630; Time cost per step: 1.566s
Epoch 0 -- Step 1330: Gen Loss: 209.877; Mel Error:1.846; Q Loss: 0.042; Distill Loss: 0.641; Time cost per step: 1.566s
Epoch:1 start...
Epoch 1 -- Step 1340: Gen Loss: 203.949; Mel Error:1.883; Q Loss: 0.259; Distill Loss: 0.627; Time cost per step: 1.567s
Epoch 1 -- Step 1350: Gen Loss: 190.564; Mel Error:1.739; Q Loss: 0.090; Distill Loss: 0.638; Time cost per step: 1.566s
Epoch 1 -- Step 1360: Gen Loss: 195.009; Mel Error:1.709; Q Loss: 0.085; Distill Loss: 0.630; Time cost per step: 1.567s
Epoch 1 -- Step 1370: Gen Loss: 199.040; Mel Error:1.784; Q Loss: 0.041; Distill Loss: 0.631; Time cost per step: 1.566s
Epoch 1 -- Step 1380: Gen Loss: 188.377; Mel Error:1.536; Q Loss: 0.069; Distill Loss: 0.637; Time cost per step: 1.566s
Epoch 1 -- Step 1390: Gen Loss: 191.156; Mel Error:1.447; Q Loss: 0.105; Distill Loss: 0.641; Time cost per step: 1.567s
Epoch 1 -- Step 1400: Gen Loss: 191.245; Mel Error:1.553; Q Loss: 0.049; Distill Loss: 0.633; Time cost per step: 1.567s
Epoch 1 -- Step 1410: Gen Loss: 210.648; Mel Error:2.066; Q Loss: 0.036; Distill Loss: 0.632; Time cost per step: 1.568s
Epoch 1 -- Step 1420: Gen Loss: 211.317; Mel Error:2.105; Q Loss: 0.039; Distill Loss: 0.635; Time cost per step: 1.567s
Epoch 1 -- Step 1430: Gen Loss: 195.877; Mel Error:1.671; Q Loss: 0.036; Distill Loss: 0.626; Time cost per step: 1.569s
Epoch 1 -- Step 1440: Gen Loss: 193.730; Mel Error:1.617; Q Loss: 0.048; Distill Loss: 0.628; Time cost per step: 1.567s
Epoch 1 -- Step 1450: Gen Loss: 201.157; Mel Error:1.655; Q Loss: 0.033; Distill Loss: 0.630; Time cost per step: 1.566s
Epoch 1 -- Step 1460: Gen Loss: 192.727; Mel Error:1.512; Q Loss: 0.023; Distill Loss: 0.637; Time cost per step: 1.567s
Epoch 1 -- Step 1470: Gen Loss: 196.404; Mel Error:1.481; Q Loss: 0.017; Distill Loss: 0.638; Time cost per step: 1.566s
Epoch 1 -- Step 1480: Gen Loss: 188.304; Mel Error:1.635; Q Loss: 0.056; Distill Loss: 0.629; Time cost per step: 1.566s
Epoch 1 -- Step 1490: Gen Loss: 211.409; Mel Error:2.071; Q Loss: 0.229; Distill Loss: 0.638; Time cost per step: 1.565s
Epoch 1 -- Step 1500: Gen Loss: 195.799; Mel Error:1.804; Q Loss: 0.093; Distill Loss: 0.623; Time cost per step: 1.567s
Epoch 1 -- Step 1510: Gen Loss: 193.539; Mel Error:1.591; Q Loss: 0.053; Distill Loss: 0.630; Time cost per step: 1.567s
Epoch 1 -- Step 1520: Gen Loss: 193.271; Mel Error:1.421; Q Loss: 0.024; Distill Loss: 0.636; Time cost per step: 1.567s
Epoch 1 -- Step 1530: Gen Loss: 188.547; Mel Error:1.536; Q Loss: 0.024; Distill Loss: 0.640; Time cost per step: 1.567s
Epoch 1 -- Step 1540: Gen Loss: 202.852; Mel Error:1.733; Q Loss: 0.053; Distill Loss: 0.624; Time cost per step: 1.567s
Epoch 1 -- Step 1550: Gen Loss: 192.008; Mel Error:1.597; Q Loss: 0.036; Distill Loss: 0.614; Time cost per step: 1.566s
Epoch 1 -- Step 1560: Gen Loss: 214.468; Mel Error:2.330; Q Loss: 0.021; Distill Loss: 0.607; Time cost per step: 1.564s
Epoch 1 -- Step 1570: Gen Loss: 193.753; Mel Error:1.696; Q Loss: 0.061; Distill Loss: 0.624; Time cost per step: 1.566s
Epoch 1 -- Step 1580: Gen Loss: 204.050; Mel Error:1.908; Q Loss: 0.026; Distill Loss: 0.616; Time cost per step: 1.565s
Epoch 1 -- Step 1590: Gen Loss: 199.918; Mel Error:1.659; Q Loss: 0.021; Distill Loss: 0.643; Time cost per step: 1.566s
Epoch 1 -- Step 1600: Gen Loss: 186.475; Mel Error:1.469; Q Loss: 0.018; Distill Loss: 0.626; Time cost per step: 1.564s
Epoch 1 -- Step 1610: Gen Loss: 190.987; Mel Error:1.577; Q Loss: 0.025; Distill Loss: 0.624; Time cost per step: 1.566s
Epoch 1 -- Step 1620: Gen Loss: 185.757; Mel Error:1.450; Q Loss: 0.022; Distill Loss: 0.629; Time cost per step: 1.566s
Epoch 1 -- Step 1630: Gen Loss: 212.798; Mel Error:2.077; Q Loss: 0.023; Distill Loss: 0.624; Time cost per step: 1.566s
Epoch 1 -- Step 1640: Gen Loss: 207.096; Mel Error:1.716; Q Loss: 0.030; Distill Loss: 0.632; Time cost per step: 1.566s
Epoch 1 -- Step 1650: Gen Loss: 202.093; Mel Error:1.594; Q Loss: 0.153; Distill Loss: 0.657; Time cost per step: 1.566s
Epoch 1 -- Step 1660: Gen Loss: 191.320; Mel Error:1.467; Q Loss: 0.070; Distill Loss: 0.658; Time cost per step: 1.566s
Epoch 1 -- Step 1670: Gen Loss: 211.542; Mel Error:1.984; Q Loss: 0.017; Distill Loss: 0.642; Time cost per step: 1.566s
Epoch 1 -- Step 1680: Gen Loss: 188.097; Mel Error:1.524; Q Loss: 0.068; Distill Loss: 0.648; Time cost per step: 1.567s
Epoch 1 -- Step 1690: Gen Loss: 191.574; Mel Error:1.429; Q Loss: 0.099; Distill Loss: 0.639; Time cost per step: 1.568s
Epoch 1 -- Step 1700: Gen Loss: 195.885; Mel Error:1.558; Q Loss: 0.033; Distill Loss: 0.634; Time cost per step: 1.567s
Epoch 1 -- Step 1710: Gen Loss: 203.122; Mel Error:1.611; Q Loss: 0.088; Distill Loss: 0.635; Time cost per step: 1.567s
Epoch 1 -- Step 1720: Gen Loss: 203.139; Mel Error:1.604; Q Loss: 0.056; Distill Loss: 0.633; Time cost per step: 1.567s
Epoch 1 -- Step 1730: Gen Loss: 185.827; Mel Error:1.287; Q Loss: 0.031; Distill Loss: 0.628; Time cost per step: 1.567s
Epoch 1 -- Step 1740: Gen Loss: 198.523; Mel Error:1.653; Q Loss: 0.031; Distill Loss: 0.631; Time cost per step: 1.568s
Epoch 1 -- Step 1750: Gen Loss: 200.545; Mel Error:1.612; Q Loss: 0.027; Distill Loss: 0.626; Time cost per step: 1.567s
Epoch 1 -- Step 1760: Gen Loss: 198.633; Mel Error:1.565; Q Loss: 0.032; Distill Loss: 0.624; Time cost per step: 1.567s
Epoch 1 -- Step 1770: Gen Loss: 195.366; Mel Error:1.613; Q Loss: 0.030; Distill Loss: 0.631; Time cost per step: 1.567s
Epoch 1 -- Step 1780: Gen Loss: 221.431; Mel Error:2.251; Q Loss: 0.020; Distill Loss: 0.621; Time cost per step: 1.567s
Epoch 1 -- Step 1790: Gen Loss: 189.949; Mel Error:1.340; Q Loss: 0.012; Distill Loss: 0.631; Time cost per step: 1.567s
Epoch 1 -- Step 1800: Gen Loss: 192.484; Mel Error:1.678; Q Loss: 0.046; Distill Loss: 0.624; Time cost per step: 1.570s
Epoch 1 -- Step 1810: Gen Loss: 187.551; Mel Error:1.424; Q Loss: 0.029; Distill Loss: 0.641; Time cost per step: 1.569s
Epoch 1 -- Step 1820: Gen Loss: 184.280; Mel Error:1.419; Q Loss: 0.023; Distill Loss: 0.634; Time cost per step: 1.567s
Epoch 1 -- Step 1830: Gen Loss: 180.951; Mel Error:1.357; Q Loss: 0.014; Distill Loss: 0.631; Time cost per step: 1.567s
Epoch 1 -- Step 1840: Gen Loss: 195.217; Mel Error:1.578; Q Loss: 0.012; Distill Loss: 0.628; Time cost per step: 1.567s
Epoch 1 -- Step 1850: Gen Loss: 196.597; Mel Error:1.544; Q Loss: 0.027; Distill Loss: 0.636; Time cost per step: 1.569s
Epoch 1 -- Step 1860: Gen Loss: 198.989; Mel Error:1.682; Q Loss: 0.021; Distill Loss: 0.639; Time cost per step: 1.570s
Epoch 1 -- Step 1870: Gen Loss: 202.415; Mel Error:1.883; Q Loss: 0.015; Distill Loss: 0.620; Time cost per step: 1.569s
Epoch 1 -- Step 1880: Gen Loss: 193.404; Mel Error:1.609; Q Loss: 0.011; Distill Loss: 0.627; Time cost per step: 1.568s
Epoch 1 -- Step 1890: Gen Loss: 222.272; Mel Error:2.492; Q Loss: 0.013; Distill Loss: 0.600; Time cost per step: 1.568s
Epoch 1 -- Step 1900: Gen Loss: 193.628; Mel Error:1.523; Q Loss: 0.020; Distill Loss: 0.637; Time cost per step: 1.567s
Epoch 1 -- Step 1910: Gen Loss: 200.174; Mel Error:1.566; Q Loss: 0.013; Distill Loss: 0.636; Time cost per step: 1.568s
Epoch 1 -- Step 1920: Gen Loss: 198.414; Mel Error:1.595; Q Loss: 0.015; Distill Loss: 0.625; Time cost per step: 1.567s
Epoch 1 -- Step 1930: Gen Loss: 201.817; Mel Error:1.692; Q Loss: 0.024; Distill Loss: 0.624; Time cost per step: 1.568s
Epoch 1 -- Step 1940: Gen Loss: 196.036; Mel Error:1.614; Q Loss: 0.023; Distill Loss: 0.635; Time cost per step: 1.567s
Epoch 1 -- Step 1950: Gen Loss: 220.277; Mel Error:2.029; Q Loss: 0.014; Distill Loss: 0.626; Time cost per step: 1.568s
Epoch 1 -- Step 1960: Gen Loss: 199.107; Mel Error:1.726; Q Loss: 0.011; Distill Loss: 0.631; Time cost per step: 1.568s
Epoch 1 -- Step 1970: Gen Loss: 186.873; Mel Error:1.654; Q Loss: 0.009; Distill Loss: 0.617; Time cost per step: 1.569s
Epoch 1 -- Step 1980: Gen Loss: 197.136; Mel Error:1.666; Q Loss: 0.014; Distill Loss: 0.623; Time cost per step: 1.567s
Epoch 1 -- Step 1990: Gen Loss: 226.096; Mel Error:2.395; Q Loss: 0.030; Distill Loss: 0.596; Time cost per step: 1.568s
Epoch 1 -- Step 2000: Gen Loss: 205.674; Mel Error:1.928; Q Loss: 0.022; Distill Loss: 0.618; Time cost per step: 1.568s
Epoch 1 -- Step 2010: Gen Loss: 196.030; Mel Error:1.865; Q Loss: 0.017; Distill Loss: 0.609; Time cost per step: 1.567s
Epoch 1 -- Step 2020: Gen Loss: 203.872; Mel Error:1.763; Q Loss: 0.012; Distill Loss: 0.630; Time cost per step: 1.567s
Epoch 1 -- Step 2030: Gen Loss: 196.950; Mel Error:1.697; Q Loss: 0.012; Distill Loss: 0.641; Time cost per step: 1.567s
Epoch 1 -- Step 2040: Gen Loss: 199.862; Mel Error:1.942; Q Loss: 0.017; Distill Loss: 0.605; Time cost per step: 1.567s
Epoch 1 -- Step 2050: Gen Loss: 188.353; Mel Error:1.465; Q Loss: 0.040; Distill Loss: 0.628; Time cost per step: 1.568s
Epoch 1 -- Step 2060: Gen Loss: 193.063; Mel Error:1.583; Q Loss: 0.033; Distill Loss: 0.626; Time cost per step: 1.567s
Epoch 1 -- Step 2070: Gen Loss: 196.404; Mel Error:1.563; Q Loss: 0.033; Distill Loss: 0.627; Time cost per step: 1.567s
Epoch 1 -- Step 2080: Gen Loss: 221.799; Mel Error:2.174; Q Loss: 0.017; Distill Loss: 0.618; Time cost per step: 1.567s
Epoch 1 -- Step 2090: Gen Loss: 219.765; Mel Error:2.011; Q Loss: 0.026; Distill Loss: 0.624; Time cost per step: 1.582s
Epoch 1 -- Step 2100: Gen Loss: 192.600; Mel Error:1.700; Q Loss: 0.012; Distill Loss: 0.621; Time cost per step: 1.567s
Epoch 1 -- Step 2110: Gen Loss: 191.772; Mel Error:1.605; Q Loss: 0.018; Distill Loss: 0.615; Time cost per step: 1.566s
Epoch 1 -- Step 2120: Gen Loss: 200.396; Mel Error:1.787; Q Loss: 0.021; Distill Loss: 0.614; Time cost per step: 1.567s
Epoch 1 -- Step 2130: Gen Loss: 193.642; Mel Error:1.595; Q Loss: 0.028; Distill Loss: 0.628; Time cost per step: 1.567s
Epoch 1 -- Step 2140: Gen Loss: 192.545; Mel Error:1.533; Q Loss: 0.017; Distill Loss: 0.630; Time cost per step: 1.567s
Epoch 1 -- Step 2150: Gen Loss: 207.556; Mel Error:1.926; Q Loss: 0.010; Distill Loss: 0.618; Time cost per step: 1.568s
Epoch 1 -- Step 2160: Gen Loss: 188.805; Mel Error:1.509; Q Loss: 0.010; Distill Loss: 0.614; Time cost per step: 1.567s
Epoch 1 -- Step 2170: Gen Loss: 185.453; Mel Error:1.542; Q Loss: 0.038; Distill Loss: 0.639; Time cost per step: 1.568s
Epoch 1 -- Step 2180: Gen Loss: 208.229; Mel Error:1.930; Q Loss: 0.024; Distill Loss: 0.625; Time cost per step: 1.569s
Epoch 1 -- Step 2190: Gen Loss: 191.153; Mel Error:1.561; Q Loss: 0.020; Distill Loss: 0.637; Time cost per step: 1.567s
Epoch 1 -- Step 2200: Gen Loss: 206.088; Mel Error:1.733; Q Loss: 0.014; Distill Loss: 0.623; Time cost per step: 1.567s
Epoch 1 -- Step 2210: Gen Loss: 204.889; Mel Error:1.876; Q Loss: 0.020; Distill Loss: 0.620; Time cost per step: 1.567s
Epoch 1 -- Step 2220: Gen Loss: 183.611; Mel Error:1.392; Q Loss: 0.032; Distill Loss: 0.641; Time cost per step: 1.567s
Epoch 1 -- Step 2230: Gen Loss: 188.467; Mel Error:1.501; Q Loss: 0.028; Distill Loss: 0.620; Time cost per step: 1.568s
Epoch 1 -- Step 2240: Gen Loss: 201.219; Mel Error:1.646; Q Loss: 0.025; Distill Loss: 0.624; Time cost per step: 1.566s
Epoch 1 -- Step 2250: Gen Loss: 208.843; Mel Error:1.831; Q Loss: 0.019; Distill Loss: 0.637; Time cost per step: 1.566s
Epoch 1 -- Step 2260: Gen Loss: 204.575; Mel Error:1.955; Q Loss: 0.018; Distill Loss: 0.617; Time cost per step: 1.567s
Epoch 1 -- Step 2270: Gen Loss: 201.108; Mel Error:1.676; Q Loss: 0.019; Distill Loss: 0.621; Time cost per step: 1.566s
Epoch 1 -- Step 2280: Gen Loss: 198.978; Mel Error:1.707; Q Loss: 0.016; Distill Loss: 0.629; Time cost per step: 1.566s
Epoch 1 -- Step 2290: Gen Loss: 178.345; Mel Error:1.439; Q Loss: 0.018; Distill Loss: 0.625; Time cost per step: 1.566s
Epoch 1 -- Step 2300: Gen Loss: 192.851; Mel Error:1.574; Q Loss: 0.011; Distill Loss: 0.635; Time cost per step: 1.568s
Epoch 1 -- Step 2310: Gen Loss: 197.977; Mel Error:1.753; Q Loss: 0.012; Distill Loss: 0.616; Time cost per step: 1.566s
Epoch 1 -- Step 2320: Gen Loss: 205.148; Mel Error:1.747; Q Loss: 0.012; Distill Loss: 0.626; Time cost per step: 1.567s
Epoch 1 -- Step 2330: Gen Loss: 209.882; Mel Error:1.772; Q Loss: 0.016; Distill Loss: 0.629; Time cost per step: 1.567s
Epoch 1 -- Step 2340: Gen Loss: 188.469; Mel Error:1.695; Q Loss: 0.017; Distill Loss: 0.607; Time cost per step: 1.567s
Epoch 1 -- Step 2350: Gen Loss: 194.870; Mel Error:1.522; Q Loss: 0.025; Distill Loss: 0.640; Time cost per step: 1.568s
Epoch 1 -- Step 2360: Gen Loss: 194.812; Mel Error:1.621; Q Loss: 0.035; Distill Loss: 0.620; Time cost per step: 1.566s
Epoch 1 -- Step 2370: Gen Loss: 203.692; Mel Error:1.768; Q Loss: 0.020; Distill Loss: 0.632; Time cost per step: 1.566s
Epoch 1 -- Step 2380: Gen Loss: 216.428; Mel Error:2.090; Q Loss: 0.026; Distill Loss: 0.619; Time cost per step: 1.565s
Epoch 1 -- Step 2390: Gen Loss: 200.033; Mel Error:1.625; Q Loss: 0.011; Distill Loss: 0.626; Time cost per step: 1.566s
Epoch 1 -- Step 2400: Gen Loss: 196.527; Mel Error:1.601; Q Loss: 0.015; Distill Loss: 0.637; Time cost per step: 1.567s
Epoch 1 -- Step 2410: Gen Loss: 211.613; Mel Error:2.124; Q Loss: 0.034; Distill Loss: 0.609; Time cost per step: 1.566s
Epoch 1 -- Step 2420: Gen Loss: 183.535; Mel Error:1.501; Q Loss: 0.015; Distill Loss: 0.638; Time cost per step: 1.567s
Epoch 1 -- Step 2430: Gen Loss: 192.899; Mel Error:1.486; Q Loss: 0.014; Distill Loss: 0.641; Time cost per step: 1.568s
Epoch 1 -- Step 2440: Gen Loss: 188.585; Mel Error:1.355; Q Loss: 0.010; Distill Loss: 0.631; Time cost per step: 1.567s
Epoch 1 -- Step 2450: Gen Loss: 202.167; Mel Error:1.906; Q Loss: 0.009; Distill Loss: 0.614; Time cost per step: 1.567s
Epoch 1 -- Step 2460: Gen Loss: 201.043; Mel Error:1.771; Q Loss: 0.013; Distill Loss: 0.613; Time cost per step: 1.567s
Epoch 1 -- Step 2470: Gen Loss: 199.565; Mel Error:1.490; Q Loss: 0.010; Distill Loss: 0.636; Time cost per step: 1.567s
Epoch 1 -- Step 2480: Gen Loss: 223.117; Mel Error:2.104; Q Loss: 0.009; Distill Loss: 0.628; Time cost per step: 1.567s
Epoch 1 -- Step 2490: Gen Loss: 197.672; Mel Error:1.816; Q Loss: 0.010; Distill Loss: 0.612; Time cost per step: 1.570s
Epoch 1 -- Step 2500: Gen Loss: 213.140; Mel Error:1.690; Q Loss: 0.014; Distill Loss: 0.649; Time cost per step: 1.566s
Validation start ...
2500: dev mel error: 1.595	dev distill loss: 0.612
[2024-08-06 15:05:24,675] [INFO] [real_accelerator.py:203:get_accelerator] Setting ds_accelerator to cuda (auto detect)
[93m [WARNING] [0m async_io requires the dev libaio .so object and headers but these were not found.
[93m [WARNING] [0m If libaio is already installed (perhaps from source), try setting the CFLAGS and LDFLAGS environment variables to where it can be found.
[93m [WARNING] [0m Please specify the CUTLASS repo directory as environment variable $CUTLASS_PATH
[93m [WARNING] [0m NVIDIA Inference is only supported on Ampere and newer architectures
[93m [WARNING] [0m sparse_attn requires a torch version >= 1.5 and < 2.0 but detected 2.4
[93m [WARNING] [0m using untested triton version (3.0.0), only 1.0.0 is known to be compatible
2500: saving model to Log/spt_base
Epoch 1 -- Step 2510: Gen Loss: 185.413; Mel Error:1.496; Q Loss: 0.012; Distill Loss: 0.633; Time cost per step: 1.568s
Epoch 1 -- Step 2520: Gen Loss: 196.528; Mel Error:1.516; Q Loss: 0.014; Distill Loss: 0.642; Time cost per step: 1.567s
Epoch 1 -- Step 2530: Gen Loss: 196.578; Mel Error:1.701; Q Loss: 0.011; Distill Loss: 0.617; Time cost per step: 1.567s
Epoch 1 -- Step 2540: Gen Loss: 192.456; Mel Error:1.661; Q Loss: 0.012; Distill Loss: 0.618; Time cost per step: 1.567s
Epoch 1 -- Step 2550: Gen Loss: 206.504; Mel Error:1.706; Q Loss: 0.009; Distill Loss: 0.634; Time cost per step: 1.567s
Epoch 1 -- Step 2560: Gen Loss: 212.359; Mel Error:1.871; Q Loss: 0.011; Distill Loss: 0.639; Time cost per step: 1.568s
Epoch 1 -- Step 2570: Gen Loss: 208.951; Mel Error:1.877; Q Loss: 0.010; Distill Loss: 0.616; Time cost per step: 1.567s
Epoch 1 -- Step 2580: Gen Loss: 218.348; Mel Error:2.061; Q Loss: 0.010; Distill Loss: 0.608; Time cost per step: 1.568s
Epoch 1 -- Step 2590: Gen Loss: 196.600; Mel Error:1.563; Q Loss: 0.011; Distill Loss: 0.619; Time cost per step: 1.567s
Epoch 1 -- Step 2600: Gen Loss: 201.858; Mel Error:1.616; Q Loss: 0.014; Distill Loss: 0.622; Time cost per step: 1.566s
Epoch 1 -- Step 2610: Gen Loss: 197.112; Mel Error:1.628; Q Loss: 0.015; Distill Loss: 0.634; Time cost per step: 1.567s
Epoch 1 -- Step 2620: Gen Loss: 212.928; Mel Error:2.126; Q Loss: 0.023; Distill Loss: 0.611; Time cost per step: 1.566s
Epoch 1 -- Step 2630: Gen Loss: 194.388; Mel Error:1.710; Q Loss: 0.020; Distill Loss: 0.609; Time cost per step: 1.566s
Epoch 1 -- Step 2640: Gen Loss: 194.886; Mel Error:1.487; Q Loss: 0.037; Distill Loss: 0.637; Time cost per step: 1.566s
Epoch 1 -- Step 2650: Gen Loss: 189.380; Mel Error:1.381; Q Loss: 0.020; Distill Loss: 0.638; Time cost per step: 1.566s
Epoch 1 -- Step 2660: Gen Loss: 201.830; Mel Error:1.734; Q Loss: 0.019; Distill Loss: 0.613; Time cost per step: 1.566s
Epoch:2 start...
Epoch 2 -- Step 2670: Gen Loss: 196.073; Mel Error:1.597; Q Loss: 0.021; Distill Loss: 0.625; Time cost per step: 1.566s
Epoch 2 -- Step 2680: Gen Loss: 216.294; Mel Error:1.843; Q Loss: 0.017; Distill Loss: 0.615; Time cost per step: 1.566s
Epoch 2 -- Step 2690: Gen Loss: 180.865; Mel Error:1.335; Q Loss: 0.015; Distill Loss: 0.625; Time cost per step: 1.566s
Epoch 2 -- Step 2700: Gen Loss: 203.063; Mel Error:1.753; Q Loss: 0.024; Distill Loss: 0.619; Time cost per step: 1.566s
Epoch 2 -- Step 2710: Gen Loss: 197.323; Mel Error:1.650; Q Loss: 0.015; Distill Loss: 0.620; Time cost per step: 1.566s
Epoch 2 -- Step 2720: Gen Loss: 196.797; Mel Error:1.654; Q Loss: 0.013; Distill Loss: 0.623; Time cost per step: 1.566s
Epoch 2 -- Step 2730: Gen Loss: 225.510; Mel Error:2.442; Q Loss: 0.011; Distill Loss: 0.595; Time cost per step: 1.566s
Epoch 2 -- Step 2740: Gen Loss: 204.378; Mel Error:1.770; Q Loss: 0.015; Distill Loss: 0.616; Time cost per step: 1.565s
Epoch 2 -- Step 2750: Gen Loss: 199.282; Mel Error:1.537; Q Loss: 0.014; Distill Loss: 0.638; Time cost per step: 1.566s
Epoch 2 -- Step 2760: Gen Loss: 207.758; Mel Error:1.745; Q Loss: 0.018; Distill Loss: 0.624; Time cost per step: 1.566s
Epoch 2 -- Step 2770: Gen Loss: 209.313; Mel Error:2.066; Q Loss: 0.014; Distill Loss: 0.611; Time cost per step: 1.565s
Epoch 2 -- Step 2780: Gen Loss: 200.176; Mel Error:1.505; Q Loss: 0.013; Distill Loss: 0.631; Time cost per step: 1.566s
Epoch 2 -- Step 2790: Gen Loss: 208.607; Mel Error:1.814; Q Loss: 0.035; Distill Loss: 0.623; Time cost per step: 1.565s
Epoch 2 -- Step 2800: Gen Loss: 218.897; Mel Error:2.152; Q Loss: 0.118; Distill Loss: 0.612; Time cost per step: 1.564s
Epoch 2 -- Step 2810: Gen Loss: 190.673; Mel Error:1.479; Q Loss: 0.068; Distill Loss: 0.637; Time cost per step: 1.563s
Epoch 2 -- Step 2820: Gen Loss: 214.513; Mel Error:1.867; Q Loss: 0.050; Distill Loss: 0.617; Time cost per step: 1.565s
Epoch 2 -- Step 2830: Gen Loss: 198.311; Mel Error:1.631; Q Loss: 0.040; Distill Loss: 0.642; Time cost per step: 1.565s
Epoch 2 -- Step 2840: Gen Loss: 215.071; Mel Error:1.903; Q Loss: 0.047; Distill Loss: 0.627; Time cost per step: 1.565s
Epoch 2 -- Step 2850: Gen Loss: 200.913; Mel Error:1.597; Q Loss: 0.034; Distill Loss: 0.619; Time cost per step: 1.566s
Epoch 2 -- Step 2860: Gen Loss: 196.059; Mel Error:1.713; Q Loss: 0.030; Distill Loss: 0.622; Time cost per step: 1.566s
Epoch 2 -- Step 2870: Gen Loss: 199.626; Mel Error:1.582; Q Loss: 0.018; Distill Loss: 0.632; Time cost per step: 1.567s
Epoch 2 -- Step 2880: Gen Loss: 193.013; Mel Error:1.500; Q Loss: 0.022; Distill Loss: 0.639; Time cost per step: 1.566s
Epoch 2 -- Step 2890: Gen Loss: 202.248; Mel Error:1.627; Q Loss: 0.012; Distill Loss: 0.626; Time cost per step: 1.566s
Epoch 2 -- Step 2900: Gen Loss: 217.520; Mel Error:2.125; Q Loss: 0.013; Distill Loss: 0.612; Time cost per step: 1.566s
Epoch 2 -- Step 2910: Gen Loss: 204.198; Mel Error:1.843; Q Loss: 0.014; Distill Loss: 0.618; Time cost per step: 1.566s
Epoch 2 -- Step 2920: Gen Loss: 213.523; Mel Error:1.959; Q Loss: 0.015; Distill Loss: 0.610; Time cost per step: 1.566s
Epoch 2 -- Step 2930: Gen Loss: 208.231; Mel Error:1.877; Q Loss: 0.014; Distill Loss: 0.628; Time cost per step: 1.566s
Epoch 2 -- Step 2940: Gen Loss: 198.281; Mel Error:1.646; Q Loss: 0.012; Distill Loss: 0.640; Time cost per step: 1.565s
Epoch 2 -- Step 2950: Gen Loss: 192.141; Mel Error:1.543; Q Loss: 0.013; Distill Loss: 0.620; Time cost per step: 1.566s
Epoch 2 -- Step 2960: Gen Loss: 202.065; Mel Error:1.666; Q Loss: 0.012; Distill Loss: 0.630; Time cost per step: 1.566s
Epoch 2 -- Step 2970: Gen Loss: 215.010; Mel Error:2.168; Q Loss: 0.010; Distill Loss: 0.622; Time cost per step: 1.566s
Epoch 2 -- Step 2980: Gen Loss: 216.465; Mel Error:2.035; Q Loss: 0.008; Distill Loss: 0.633; Time cost per step: 1.566s
Epoch 2 -- Step 2990: Gen Loss: 206.109; Mel Error:1.651; Q Loss: 0.007; Distill Loss: 0.632; Time cost per step: 1.566s
Epoch 2 -- Step 3000: Gen Loss: 221.537; Mel Error:1.811; Q Loss: 0.007; Distill Loss: 0.621; Time cost per step: 1.565s
Epoch 2 -- Step 3010: Gen Loss: 202.063; Mel Error:1.671; Q Loss: 0.020; Distill Loss: 0.631; Time cost per step: 1.566s
Epoch 2 -- Step 3020: Gen Loss: 192.763; Mel Error:1.447; Q Loss: 0.014; Distill Loss: 0.629; Time cost per step: 1.564s
Epoch 2 -- Step 3030: Gen Loss: 212.315; Mel Error:1.872; Q Loss: 0.024; Distill Loss: 0.638; Time cost per step: 1.565s
Epoch 2 -- Step 3040: Gen Loss: 203.936; Mel Error:1.625; Q Loss: 0.021; Distill Loss: 0.661; Time cost per step: 1.565s
Epoch 2 -- Step 3050: Gen Loss: 201.410; Mel Error:1.816; Q Loss: 0.021; Distill Loss: 0.619; Time cost per step: 1.565s
Epoch 2 -- Step 3060: Gen Loss: 210.198; Mel Error:1.740; Q Loss: 0.019; Distill Loss: 0.623; Time cost per step: 1.566s
Epoch 2 -- Step 3070: Gen Loss: 175.357; Mel Error:1.478; Q Loss: 0.040; Distill Loss: 0.614; Time cost per step: 1.565s
Epoch 2 -- Step 3080: Gen Loss: 210.400; Mel Error:1.985; Q Loss: 0.025; Distill Loss: 0.614; Time cost per step: 1.566s
Epoch 2 -- Step 3090: Gen Loss: 217.884; Mel Error:1.967; Q Loss: 0.018; Distill Loss: 0.625; Time cost per step: 1.566s
Epoch 2 -- Step 3100: Gen Loss: 208.474; Mel Error:1.543; Q Loss: 0.024; Distill Loss: 0.639; Time cost per step: 1.565s
Epoch 2 -- Step 3110: Gen Loss: 224.192; Mel Error:1.675; Q Loss: 0.018; Distill Loss: 0.636; Time cost per step: 1.564s
Epoch 2 -- Step 3120: Gen Loss: 201.955; Mel Error:1.669; Q Loss: 0.015; Distill Loss: 0.631; Time cost per step: 1.565s
Epoch 2 -- Step 3130: Gen Loss: 195.093; Mel Error:1.530; Q Loss: 0.015; Distill Loss: 0.636; Time cost per step: 1.565s
Epoch 2 -- Step 3140: Gen Loss: 195.351; Mel Error:1.442; Q Loss: 0.013; Distill Loss: 0.625; Time cost per step: 1.566s
Epoch 2 -- Step 3150: Gen Loss: 197.155; Mel Error:1.612; Q Loss: 0.013; Distill Loss: 0.614; Time cost per step: 1.566s
Epoch 2 -- Step 3160: Gen Loss: 214.740; Mel Error:1.831; Q Loss: 0.011; Distill Loss: 0.623; Time cost per step: 1.564s
Epoch 2 -- Step 3170: Gen Loss: 213.796; Mel Error:1.835; Q Loss: 0.014; Distill Loss: 0.628; Time cost per step: 1.566s
Epoch 2 -- Step 3180: Gen Loss: 207.907; Mel Error:1.842; Q Loss: 0.015; Distill Loss: 0.623; Time cost per step: 1.564s
Epoch 2 -- Step 3190: Gen Loss: 204.481; Mel Error:1.804; Q Loss: 0.020; Distill Loss: 0.620; Time cost per step: 1.565s
Epoch 2 -- Step 3200: Gen Loss: 194.007; Mel Error:1.520; Q Loss: 0.015; Distill Loss: 0.614; Time cost per step: 1.565s
Epoch 2 -- Step 3210: Gen Loss: 192.367; Mel Error:1.578; Q Loss: 0.015; Distill Loss: 0.645; Time cost per step: 1.565s
Epoch 2 -- Step 3220: Gen Loss: 199.541; Mel Error:1.587; Q Loss: 0.012; Distill Loss: 0.628; Time cost per step: 1.566s
Epoch 2 -- Step 3230: Gen Loss: 223.624; Mel Error:1.956; Q Loss: 0.015; Distill Loss: 0.609; Time cost per step: 1.564s
Epoch 2 -- Step 3240: Gen Loss: 188.926; Mel Error:1.326; Q Loss: 0.013; Distill Loss: 0.632; Time cost per step: 1.565s
Epoch 2 -- Step 3250: Gen Loss: 197.945; Mel Error:1.837; Q Loss: 0.012; Distill Loss: 0.616; Time cost per step: 1.564s
Epoch 2 -- Step 3260: Gen Loss: 205.798; Mel Error:1.751; Q Loss: 0.011; Distill Loss: 0.616; Time cost per step: 1.565s
Epoch 2 -- Step 3270: Gen Loss: 186.485; Mel Error:1.478; Q Loss: 0.021; Distill Loss: 0.609; Time cost per step: 1.564s
Epoch 2 -- Step 3280: Gen Loss: 227.037; Mel Error:1.883; Q Loss: 0.016; Distill Loss: 0.643; Time cost per step: 1.565s
Epoch 2 -- Step 3290: Gen Loss: 202.221; Mel Error:1.782; Q Loss: 0.014; Distill Loss: 0.612; Time cost per step: 1.565s
Epoch 2 -- Step 3300: Gen Loss: 192.931; Mel Error:1.547; Q Loss: 0.011; Distill Loss: 0.626; Time cost per step: 1.564s
Epoch 2 -- Step 3310: Gen Loss: 215.267; Mel Error:2.075; Q Loss: 0.009; Distill Loss: 0.605; Time cost per step: 1.565s
Epoch 2 -- Step 3320: Gen Loss: 200.094; Mel Error:1.711; Q Loss: 0.010; Distill Loss: 0.628; Time cost per step: 1.564s
Epoch 2 -- Step 3330: Gen Loss: 200.266; Mel Error:1.627; Q Loss: 0.009; Distill Loss: 0.629; Time cost per step: 1.564s
Epoch 2 -- Step 3340: Gen Loss: 195.323; Mel Error:1.655; Q Loss: 0.011; Distill Loss: 0.629; Time cost per step: 1.564s
Epoch 2 -- Step 3350: Gen Loss: 222.264; Mel Error:1.887; Q Loss: 0.011; Distill Loss: 0.624; Time cost per step: 1.565s
Epoch 2 -- Step 3360: Gen Loss: 195.239; Mel Error:1.699; Q Loss: 0.010; Distill Loss: 0.623; Time cost per step: 1.564s
Epoch 2 -- Step 3370: Gen Loss: 194.179; Mel Error:1.469; Q Loss: 0.009; Distill Loss: 0.632; Time cost per step: 1.564s
Epoch 2 -- Step 3380: Gen Loss: 199.616; Mel Error:1.676; Q Loss: 0.014; Distill Loss: 0.634; Time cost per step: 1.564s
Epoch 2 -- Step 3390: Gen Loss: 206.804; Mel Error:1.754; Q Loss: 0.015; Distill Loss: 0.622; Time cost per step: 1.564s
Epoch 2 -- Step 3400: Gen Loss: 194.406; Mel Error:1.449; Q Loss: 0.011; Distill Loss: 0.641; Time cost per step: 1.564s
Epoch 2 -- Step 3410: Gen Loss: 206.185; Mel Error:1.792; Q Loss: 0.010; Distill Loss: 0.635; Time cost per step: 1.564s
Epoch 2 -- Step 3420: Gen Loss: 210.432; Mel Error:2.025; Q Loss: 0.011; Distill Loss: 0.610; Time cost per step: 1.564s
Epoch 2 -- Step 3430: Gen Loss: 206.480; Mel Error:1.944; Q Loss: 0.009; Distill Loss: 0.619; Time cost per step: 1.565s
Epoch 2 -- Step 3440: Gen Loss: 198.688; Mel Error:1.503; Q Loss: 0.014; Distill Loss: 0.624; Time cost per step: 1.564s
Epoch 2 -- Step 3450: Gen Loss: 181.596; Mel Error:1.383; Q Loss: 0.013; Distill Loss: 0.623; Time cost per step: 1.564s
Epoch 2 -- Step 3460: Gen Loss: 210.720; Mel Error:1.775; Q Loss: 0.011; Distill Loss: 0.645; Time cost per step: 1.564s
Epoch 2 -- Step 3470: Gen Loss: 199.014; Mel Error:1.545; Q Loss: 0.011; Distill Loss: 0.630; Time cost per step: 1.565s
Epoch 2 -- Step 3480: Gen Loss: 214.695; Mel Error:1.815; Q Loss: 0.012; Distill Loss: 0.626; Time cost per step: 1.565s
Epoch 2 -- Step 3490: Gen Loss: 207.872; Mel Error:1.858; Q Loss: 0.013; Distill Loss: 0.626; Time cost per step: 1.564s
Epoch 2 -- Step 3500: Gen Loss: 206.069; Mel Error:1.698; Q Loss: 0.016; Distill Loss: 0.627; Time cost per step: 1.565s
Epoch 2 -- Step 3510: Gen Loss: 188.734; Mel Error:1.442; Q Loss: 0.049; Distill Loss: 0.637; Time cost per step: 1.565s
Epoch 2 -- Step 3520: Gen Loss: 187.009; Mel Error:1.443; Q Loss: 0.034; Distill Loss: 0.627; Time cost per step: 1.564s
Epoch 2 -- Step 3530: Gen Loss: 198.571; Mel Error:1.571; Q Loss: 0.042; Distill Loss: 0.632; Time cost per step: 1.565s
Epoch 2 -- Step 3540: Gen Loss: 195.161; Mel Error:1.611; Q Loss: 0.026; Distill Loss: 0.636; Time cost per step: 1.564s
Epoch 2 -- Step 3550: Gen Loss: 196.696; Mel Error:1.543; Q Loss: 0.022; Distill Loss: 0.632; Time cost per step: 1.565s
Epoch 2 -- Step 3560: Gen Loss: 213.751; Mel Error:1.896; Q Loss: 0.025; Distill Loss: 0.633; Time cost per step: 1.565s
Epoch 2 -- Step 3570: Gen Loss: 198.734; Mel Error:1.546; Q Loss: 0.015; Distill Loss: 0.627; Time cost per step: 1.565s
Epoch 2 -- Step 3580: Gen Loss: 201.761; Mel Error:1.904; Q Loss: 0.018; Distill Loss: 0.611; Time cost per step: 1.566s
Epoch 2 -- Step 3590: Gen Loss: 185.307; Mel Error:1.545; Q Loss: 0.017; Distill Loss: 0.616; Time cost per step: 1.565s
Epoch 2 -- Step 3600: Gen Loss: 227.193; Mel Error:2.083; Q Loss: 0.017; Distill Loss: 0.627; Time cost per step: 1.565s
Epoch 2 -- Step 3610: Gen Loss: 206.067; Mel Error:1.847; Q Loss: 0.013; Distill Loss: 0.616; Time cost per step: 1.565s
Epoch 2 -- Step 3620: Gen Loss: 214.636; Mel Error:1.799; Q Loss: 0.014; Distill Loss: 0.623; Time cost per step: 1.565s
Epoch 2 -- Step 3630: Gen Loss: 194.151; Mel Error:1.731; Q Loss: 0.020; Distill Loss: 0.612; Time cost per step: 1.565s
Epoch 2 -- Step 3640: Gen Loss: 190.943; Mel Error:1.822; Q Loss: 0.014; Distill Loss: 0.617; Time cost per step: 1.565s
Epoch 2 -- Step 3650: Gen Loss: 201.191; Mel Error:1.690; Q Loss: 0.015; Distill Loss: 0.617; Time cost per step: 1.564s
Epoch 2 -- Step 3660: Gen Loss: 216.644; Mel Error:2.136; Q Loss: 0.016; Distill Loss: 0.601; Time cost per step: 1.565s
Epoch 2 -- Step 3670: Gen Loss: 204.136; Mel Error:1.867; Q Loss: 0.013; Distill Loss: 0.609; Time cost per step: 1.565s
Epoch 2 -- Step 3680: Gen Loss: 191.679; Mel Error:1.525; Q Loss: 0.017; Distill Loss: 0.631; Time cost per step: 1.564s
Epoch 2 -- Step 3690: Gen Loss: 211.164; Mel Error:1.857; Q Loss: 0.013; Distill Loss: 0.614; Time cost per step: 1.564s
Epoch 2 -- Step 3700: Gen Loss: 191.567; Mel Error:1.554; Q Loss: 0.015; Distill Loss: 0.641; Time cost per step: 1.565s
Epoch 2 -- Step 3710: Gen Loss: 212.433; Mel Error:1.824; Q Loss: 0.019; Distill Loss: 0.623; Time cost per step: 1.564s
Epoch 2 -- Step 3720: Gen Loss: 197.462; Mel Error:1.547; Q Loss: 0.013; Distill Loss: 0.638; Time cost per step: 1.565s
Epoch 2 -- Step 3730: Gen Loss: 206.834; Mel Error:1.744; Q Loss: 0.010; Distill Loss: 0.628; Time cost per step: 1.564s
Epoch 2 -- Step 3740: Gen Loss: 196.785; Mel Error:1.490; Q Loss: 0.011; Distill Loss: 0.634; Time cost per step: 1.565s
Epoch 2 -- Step 3750: Gen Loss: 191.796; Mel Error:1.479; Q Loss: 0.011; Distill Loss: 0.616; Time cost per step: 1.564s
Epoch 2 -- Step 3760: Gen Loss: 211.872; Mel Error:1.917; Q Loss: 0.014; Distill Loss: 0.621; Time cost per step: 1.564s
Epoch 2 -- Step 3770: Gen Loss: 222.346; Mel Error:1.669; Q Loss: 0.010; Distill Loss: 0.629; Time cost per step: 1.565s
Epoch 2 -- Step 3780: Gen Loss: 194.367; Mel Error:1.587; Q Loss: 0.010; Distill Loss: 0.617; Time cost per step: 1.565s
Epoch 2 -- Step 3790: Gen Loss: 222.096; Mel Error:2.128; Q Loss: 0.012; Distill Loss: 0.603; Time cost per step: 1.564s
Epoch 2 -- Step 3800: Gen Loss: 212.078; Mel Error:2.059; Q Loss: 0.019; Distill Loss: 0.607; Time cost per step: 1.565s
Epoch 2 -- Step 3810: Gen Loss: 213.562; Mel Error:1.790; Q Loss: 0.013; Distill Loss: 0.642; Time cost per step: 1.564s
Epoch 2 -- Step 3820: Gen Loss: 203.861; Mel Error:1.747; Q Loss: 0.011; Distill Loss: 0.621; Time cost per step: 1.564s
Epoch 2 -- Step 3830: Gen Loss: 202.575; Mel Error:1.677; Q Loss: 0.015; Distill Loss: 0.638; Time cost per step: 1.565s
Epoch 2 -- Step 3840: Gen Loss: 186.901; Mel Error:1.369; Q Loss: 0.024; Distill Loss: 0.636; Time cost per step: 1.564s
Epoch 2 -- Step 3850: Gen Loss: 193.608; Mel Error:1.439; Q Loss: 0.130; Distill Loss: 0.638; Time cost per step: 1.564s
Epoch 2 -- Step 3860: Gen Loss: 193.037; Mel Error:1.523; Q Loss: 0.231; Distill Loss: 0.611; Time cost per step: 1.563s
Epoch 2 -- Step 3870: Gen Loss: 176.227; Mel Error:1.317; Q Loss: 0.123; Distill Loss: 0.631; Time cost per step: 1.564s
Epoch 2 -- Step 3880: Gen Loss: 175.849; Mel Error:1.330; Q Loss: 0.145; Distill Loss: 0.620; Time cost per step: 1.563s
Epoch 2 -- Step 3890: Gen Loss: 183.445; Mel Error:1.477; Q Loss: 0.086; Distill Loss: 0.617; Time cost per step: 1.564s
Epoch 2 -- Step 3900: Gen Loss: 178.092; Mel Error:1.320; Q Loss: 0.176; Distill Loss: 0.606; Time cost per step: 1.564s
Epoch 2 -- Step 3910: Gen Loss: 161.587; Mel Error:1.256; Q Loss: 0.071; Distill Loss: 0.612; Time cost per step: 1.564s
Epoch 2 -- Step 3920: Gen Loss: 175.316; Mel Error:1.263; Q Loss: 0.105; Distill Loss: 0.616; Time cost per step: 1.563s
Epoch 2 -- Step 3930: Gen Loss: 189.310; Mel Error:1.477; Q Loss: 0.108; Distill Loss: 0.611; Time cost per step: 1.564s
Epoch 2 -- Step 3940: Gen Loss: 188.063; Mel Error:1.568; Q Loss: 0.081; Distill Loss: 0.606; Time cost per step: 1.564s
Epoch 2 -- Step 3950: Gen Loss: 176.049; Mel Error:1.536; Q Loss: 0.130; Distill Loss: 0.596; Time cost per step: 1.564s
Epoch 2 -- Step 3960: Gen Loss: 175.678; Mel Error:1.448; Q Loss: 0.078; Distill Loss: 0.610; Time cost per step: 1.564s
Epoch 2 -- Step 3970: Gen Loss: 179.296; Mel Error:1.222; Q Loss: 0.354; Distill Loss: 0.631; Time cost per step: 1.565s
Epoch 2 -- Step 3980: Gen Loss: 179.346; Mel Error:1.410; Q Loss: 0.113; Distill Loss: 0.625; Time cost per step: 1.565s
Epoch 2 -- Step 3990: Gen Loss: 184.458; Mel Error:1.224; Q Loss: 0.263; Distill Loss: 0.617; Time cost per step: 1.564s
Epoch:3 start...
Epoch 3 -- Step 4000: Gen Loss: 171.689; Mel Error:1.160; Q Loss: 0.065; Distill Loss: 0.615; Time cost per step: 1.565s
Epoch 3 -- Step 4010: Gen Loss: 176.450; Mel Error:1.480; Q Loss: 0.065; Distill Loss: 0.611; Time cost per step: 1.565s
Epoch 3 -- Step 4020: Gen Loss: 169.474; Mel Error:1.237; Q Loss: 0.077; Distill Loss: 0.611; Time cost per step: 1.565s
Epoch 3 -- Step 4030: Gen Loss: 174.874; Mel Error:1.325; Q Loss: 0.094; Distill Loss: 0.611; Time cost per step: 1.564s
Epoch 3 -- Step 4040: Gen Loss: 174.304; Mel Error:1.232; Q Loss: 0.101; Distill Loss: 0.614; Time cost per step: 1.565s
Epoch 3 -- Step 4050: Gen Loss: 183.777; Mel Error:1.559; Q Loss: 0.091; Distill Loss: 0.607; Time cost per step: 1.564s
Epoch 3 -- Step 4060: Gen Loss: 157.563; Mel Error:1.200; Q Loss: 0.059; Distill Loss: 0.616; Time cost per step: 1.565s
Epoch 3 -- Step 4070: Gen Loss: 165.331; Mel Error:1.178; Q Loss: 0.080; Distill Loss: 0.607; Time cost per step: 1.564s
Epoch 3 -- Step 4080: Gen Loss: 170.610; Mel Error:1.354; Q Loss: 0.127; Distill Loss: 0.591; Time cost per step: 1.564s
Epoch 3 -- Step 4090: Gen Loss: 170.933; Mel Error:1.374; Q Loss: 0.081; Distill Loss: 0.597; Time cost per step: 1.565s
Epoch 3 -- Step 4100: Gen Loss: 157.893; Mel Error:1.229; Q Loss: 0.144; Distill Loss: 0.597; Time cost per step: 1.564s
Epoch 3 -- Step 4110: Gen Loss: 169.122; Mel Error:1.418; Q Loss: 0.072; Distill Loss: 0.585; Time cost per step: 1.565s
Epoch 3 -- Step 4120: Gen Loss: 168.234; Mel Error:1.389; Q Loss: 0.093; Distill Loss: 0.594; Time cost per step: 1.565s
Epoch 3 -- Step 4130: Gen Loss: 168.456; Mel Error:1.309; Q Loss: 0.160; Distill Loss: 0.599; Time cost per step: 1.565s
Epoch 3 -- Step 4140: Gen Loss: 160.499; Mel Error:1.140; Q Loss: 0.092; Distill Loss: 0.602; Time cost per step: 1.565s
Epoch 3 -- Step 4150: Gen Loss: 187.051; Mel Error:1.401; Q Loss: 0.159; Distill Loss: 0.595; Time cost per step: 1.565s
Epoch 3 -- Step 4160: Gen Loss: 174.047; Mel Error:1.416; Q Loss: 0.154; Distill Loss: 0.595; Time cost per step: 1.565s
Epoch 3 -- Step 4170: Gen Loss: 171.392; Mel Error:1.206; Q Loss: 0.133; Distill Loss: 0.610; Time cost per step: 1.566s
Epoch 3 -- Step 4180: Gen Loss: 162.336; Mel Error:1.182; Q Loss: 0.190; Distill Loss: 0.610; Time cost per step: 1.566s
Epoch 3 -- Step 4190: Gen Loss: 168.626; Mel Error:1.253; Q Loss: 0.115; Distill Loss: 0.602; Time cost per step: 1.566s
Epoch 3 -- Step 4200: Gen Loss: 164.576; Mel Error:1.249; Q Loss: 0.076; Distill Loss: 0.595; Time cost per step: 1.566s
Epoch 3 -- Step 4210: Gen Loss: 163.473; Mel Error:1.133; Q Loss: 0.097; Distill Loss: 0.603; Time cost per step: 1.565s
Epoch 3 -- Step 4220: Gen Loss: 167.823; Mel Error:1.219; Q Loss: 0.164; Distill Loss: 0.607; Time cost per step: 1.565s
Epoch 3 -- Step 4230: Gen Loss: 170.877; Mel Error:1.462; Q Loss: 0.102; Distill Loss: 0.582; Time cost per step: 1.565s
Epoch 3 -- Step 4240: Gen Loss: 176.107; Mel Error:1.534; Q Loss: 0.153; Distill Loss: 0.583; Time cost per step: 1.566s
Epoch 3 -- Step 4250: Gen Loss: 173.029; Mel Error:1.446; Q Loss: 0.101; Distill Loss: 0.581; Time cost per step: 1.565s
Epoch 3 -- Step 4260: Gen Loss: 162.823; Mel Error:1.215; Q Loss: 0.224; Distill Loss: 0.594; Time cost per step: 1.565s
Epoch 3 -- Step 4270: Gen Loss: 171.695; Mel Error:1.257; Q Loss: 0.170; Distill Loss: 0.570; Time cost per step: 1.565s
Epoch 3 -- Step 4280: Gen Loss: 164.333; Mel Error:1.268; Q Loss: 0.119; Distill Loss: 0.614; Time cost per step: 1.565s
Epoch 3 -- Step 4290: Gen Loss: 172.106; Mel Error:1.170; Q Loss: 0.268; Distill Loss: 0.603; Time cost per step: 1.566s
Epoch 3 -- Step 4300: Gen Loss: 164.829; Mel Error:1.144; Q Loss: 0.219; Distill Loss: 0.601; Time cost per step: 1.566s
Epoch 3 -- Step 4310: Gen Loss: 167.900; Mel Error:1.257; Q Loss: 0.215; Distill Loss: 0.591; Time cost per step: 1.565s
Epoch 3 -- Step 4320: Gen Loss: 174.017; Mel Error:1.361; Q Loss: 0.217; Distill Loss: 0.584; Time cost per step: 1.565s
Epoch 3 -- Step 4330: Gen Loss: 183.246; Mel Error:1.253; Q Loss: 0.307; Distill Loss: 0.601; Time cost per step: 1.564s
Epoch 3 -- Step 4340: Gen Loss: 179.630; Mel Error:1.392; Q Loss: 0.326; Distill Loss: 0.585; Time cost per step: 1.565s
Epoch 3 -- Step 4350: Gen Loss: 193.182; Mel Error:1.625; Q Loss: 0.399; Distill Loss: 0.587; Time cost per step: 1.566s
Epoch 3 -- Step 4360: Gen Loss: 173.338; Mel Error:1.123; Q Loss: 0.278; Distill Loss: 0.601; Time cost per step: 1.566s
Epoch 3 -- Step 4370: Gen Loss: 178.829; Mel Error:1.419; Q Loss: 0.314; Distill Loss: 0.561; Time cost per step: 1.566s
Epoch 3 -- Step 4380: Gen Loss: 169.218; Mel Error:1.128; Q Loss: 0.329; Distill Loss: 0.597; Time cost per step: 1.565s
Epoch 3 -- Step 4390: Gen Loss: 156.461; Mel Error:1.133; Q Loss: 0.296; Distill Loss: 0.580; Time cost per step: 1.565s
Epoch 3 -- Step 4400: Gen Loss: 165.155; Mel Error:1.219; Q Loss: 0.302; Distill Loss: 0.596; Time cost per step: 1.566s
Epoch 3 -- Step 4410: Gen Loss: 163.625; Mel Error:1.077; Q Loss: 0.347; Distill Loss: 0.593; Time cost per step: 1.566s
Epoch 3 -- Step 4420: Gen Loss: 187.554; Mel Error:1.475; Q Loss: 0.409; Distill Loss: 0.596; Time cost per step: 1.566s
Epoch 3 -- Step 4430: Gen Loss: 176.333; Mel Error:1.339; Q Loss: 0.576; Distill Loss: 0.582; Time cost per step: 1.566s
Epoch 3 -- Step 4440: Gen Loss: 181.773; Mel Error:1.165; Q Loss: 0.462; Distill Loss: 0.596; Time cost per step: 1.566s
Epoch 3 -- Step 4450: Gen Loss: 163.574; Mel Error:1.050; Q Loss: 0.429; Distill Loss: 0.591; Time cost per step: 1.565s
Epoch 3 -- Step 4460: Gen Loss: 161.390; Mel Error:1.140; Q Loss: 0.400; Distill Loss: 0.586; Time cost per step: 1.565s
Epoch 3 -- Step 4470: Gen Loss: 166.763; Mel Error:1.141; Q Loss: 0.519; Distill Loss: 0.575; Time cost per step: 1.566s
Epoch 3 -- Step 4480: Gen Loss: 164.878; Mel Error:1.059; Q Loss: 0.526; Distill Loss: 0.579; Time cost per step: 1.565s
Epoch 3 -- Step 4490: Gen Loss: 167.137; Mel Error:1.302; Q Loss: 0.481; Distill Loss: 0.562; Time cost per step: 1.565s
Epoch 3 -- Step 4500: Gen Loss: 159.511; Mel Error:1.210; Q Loss: 0.434; Distill Loss: 0.571; Time cost per step: 1.566s
Epoch 3 -- Step 4510: Gen Loss: 158.335; Mel Error:1.146; Q Loss: 0.357; Distill Loss: 0.570; Time cost per step: 1.565s
Epoch 3 -- Step 4520: Gen Loss: 162.143; Mel Error:1.232; Q Loss: 0.442; Distill Loss: 0.583; Time cost per step: 1.565s
Epoch 3 -- Step 4530: Gen Loss: 167.543; Mel Error:1.136; Q Loss: 0.544; Distill Loss: 0.583; Time cost per step: 1.564s
Epoch 3 -- Step 4540: Gen Loss: 169.382; Mel Error:1.220; Q Loss: 0.596; Distill Loss: 0.583; Time cost per step: 1.565s
Epoch 3 -- Step 4550: Gen Loss: 164.913; Mel Error:1.147; Q Loss: 0.591; Distill Loss: 0.570; Time cost per step: 1.564s
Epoch 3 -- Step 4560: Gen Loss: 161.719; Mel Error:1.171; Q Loss: 0.441; Distill Loss: 0.560; Time cost per step: 1.565s
Epoch 3 -- Step 4570: Gen Loss: 152.801; Mel Error:1.094; Q Loss: 0.352; Distill Loss: 0.573; Time cost per step: 1.564s
Epoch 3 -- Step 4580: Gen Loss: 169.768; Mel Error:1.160; Q Loss: 0.789; Distill Loss: 0.571; Time cost per step: 1.566s
Epoch 3 -- Step 4590: Gen Loss: 168.829; Mel Error:1.039; Q Loss: 0.589; Distill Loss: 0.579; Time cost per step: 1.566s
Epoch 3 -- Step 4600: Gen Loss: 176.141; Mel Error:1.344; Q Loss: 0.637; Distill Loss: 0.575; Time cost per step: 1.567s
Epoch 3 -- Step 4610: Gen Loss: 156.795; Mel Error:1.031; Q Loss: 0.471; Distill Loss: 0.589; Time cost per step: 1.564s
Epoch 3 -- Step 4620: Gen Loss: 176.360; Mel Error:1.312; Q Loss: 0.558; Distill Loss: 0.572; Time cost per step: 1.565s
Epoch 3 -- Step 4630: Gen Loss: 157.547; Mel Error:1.221; Q Loss: 0.592; Distill Loss: 0.562; Time cost per step: 1.566s
Epoch 3 -- Step 4640: Gen Loss: 154.752; Mel Error:1.125; Q Loss: 0.454; Distill Loss: 0.562; Time cost per step: 1.566s
Epoch 3 -- Step 4650: Gen Loss: 154.205; Mel Error:1.099; Q Loss: 0.575; Distill Loss: 0.555; Time cost per step: 1.565s
Epoch 3 -- Step 4660: Gen Loss: 165.801; Mel Error:1.092; Q Loss: 0.683; Distill Loss: 0.579; Time cost per step: 1.565s
Epoch 3 -- Step 4670: Gen Loss: 162.228; Mel Error:1.130; Q Loss: 0.559; Distill Loss: 0.584; Time cost per step: 1.565s
Epoch 3 -- Step 4680: Gen Loss: 155.420; Mel Error:0.991; Q Loss: 0.594; Distill Loss: 0.564; Time cost per step: 1.564s
Epoch 3 -- Step 4690: Gen Loss: 175.408; Mel Error:1.070; Q Loss: 0.693; Distill Loss: 0.586; Time cost per step: 1.565s
Epoch 3 -- Step 4700: Gen Loss: 159.325; Mel Error:1.034; Q Loss: 0.698; Distill Loss: 0.565; Time cost per step: 1.565s
Epoch 3 -- Step 4710: Gen Loss: 169.005; Mel Error:1.082; Q Loss: 0.565; Distill Loss: 0.571; Time cost per step: 1.565s
Epoch 3 -- Step 4720: Gen Loss: 164.390; Mel Error:1.043; Q Loss: 0.714; Distill Loss: 0.565; Time cost per step: 1.565s
Epoch 3 -- Step 4730: Gen Loss: 167.447; Mel Error:1.080; Q Loss: 0.626; Distill Loss: 0.583; Time cost per step: 1.565s
Epoch 3 -- Step 4740: Gen Loss: 162.802; Mel Error:1.045; Q Loss: 0.647; Distill Loss: 0.563; Time cost per step: 1.565s
Epoch 3 -- Step 4750: Gen Loss: 155.218; Mel Error:1.070; Q Loss: 0.648; Distill Loss: 0.571; Time cost per step: 1.567s
Epoch 3 -- Step 4760: Gen Loss: 157.762; Mel Error:1.085; Q Loss: 0.675; Distill Loss: 0.586; Time cost per step: 1.570s
Epoch 3 -- Step 4770: Gen Loss: 161.698; Mel Error:1.077; Q Loss: 0.697; Distill Loss: 0.562; Time cost per step: 1.566s
Epoch 3 -- Step 4780: Gen Loss: 166.868; Mel Error:1.078; Q Loss: 0.672; Distill Loss: 0.580; Time cost per step: 1.566s
Epoch 3 -- Step 4790: Gen Loss: 158.974; Mel Error:1.132; Q Loss: 0.715; Distill Loss: 0.558; Time cost per step: 1.565s
Epoch 3 -- Step 4800: Gen Loss: 169.530; Mel Error:1.165; Q Loss: 0.660; Distill Loss: 0.572; Time cost per step: 1.566s
Epoch 3 -- Step 4810: Gen Loss: 160.131; Mel Error:1.011; Q Loss: 0.566; Distill Loss: 0.570; Time cost per step: 1.564s
Epoch 3 -- Step 4820: Gen Loss: 160.453; Mel Error:1.024; Q Loss: 0.641; Distill Loss: 0.569; Time cost per step: 1.566s
Epoch 3 -- Step 4830: Gen Loss: 177.350; Mel Error:1.215; Q Loss: 0.789; Distill Loss: 0.572; Time cost per step: 1.567s
Epoch 3 -- Step 4840: Gen Loss: 148.196; Mel Error:1.063; Q Loss: 0.533; Distill Loss: 0.547; Time cost per step: 1.565s
Epoch 3 -- Step 4850: Gen Loss: 162.794; Mel Error:1.113; Q Loss: 0.729; Distill Loss: 0.586; Time cost per step: 1.565s
Epoch 3 -- Step 4860: Gen Loss: 161.470; Mel Error:1.098; Q Loss: 0.653; Distill Loss: 0.576; Time cost per step: 1.565s
Epoch 3 -- Step 4870: Gen Loss: 160.700; Mel Error:1.101; Q Loss: 0.616; Distill Loss: 0.583; Time cost per step: 1.565s
Epoch 3 -- Step 4880: Gen Loss: 155.716; Mel Error:0.929; Q Loss: 0.676; Distill Loss: 0.558; Time cost per step: 1.564s
Epoch 3 -- Step 4890: Gen Loss: 163.138; Mel Error:1.157; Q Loss: 0.656; Distill Loss: 0.562; Time cost per step: 1.564s
Epoch 3 -- Step 4900: Gen Loss: 141.445; Mel Error:0.958; Q Loss: 0.601; Distill Loss: 0.546; Time cost per step: 1.565s
Epoch 3 -- Step 4910: Gen Loss: 166.152; Mel Error:1.028; Q Loss: 0.917; Distill Loss: 0.561; Time cost per step: 1.564s
Epoch 3 -- Step 4920: Gen Loss: 164.256; Mel Error:1.133; Q Loss: 0.647; Distill Loss: 0.562; Time cost per step: 1.565s
Epoch 3 -- Step 4930: Gen Loss: 164.546; Mel Error:1.253; Q Loss: 0.666; Distill Loss: 0.547; Time cost per step: 1.564s
Epoch 3 -- Step 4940: Gen Loss: 159.127; Mel Error:0.916; Q Loss: 0.704; Distill Loss: 0.577; Time cost per step: 1.565s
Epoch 3 -- Step 4950: Gen Loss: 158.074; Mel Error:1.066; Q Loss: 0.763; Distill Loss: 0.568; Time cost per step: 1.565s
Epoch 3 -- Step 4960: Gen Loss: 152.261; Mel Error:0.962; Q Loss: 0.733; Distill Loss: 0.572; Time cost per step: 1.565s
Epoch 3 -- Step 4970: Gen Loss: 169.083; Mel Error:1.005; Q Loss: 0.900; Distill Loss: 0.570; Time cost per step: 1.565s
Epoch 3 -- Step 4980: Gen Loss: 157.339; Mel Error:0.989; Q Loss: 0.854; Distill Loss: 0.565; Time cost per step: 1.565s
Epoch 3 -- Step 4990: Gen Loss: 150.056; Mel Error:0.993; Q Loss: 0.608; Distill Loss: 0.558; Time cost per step: 1.566s
Epoch 3 -- Step 5000: Gen Loss: 162.085; Mel Error:1.010; Q Loss: 0.980; Distill Loss: 0.564; Time cost per step: 1.565s
Validation start ...
5000: dev mel error: 1.011	dev distill loss: 0.561
5000: saving model to Log/spt_base
Epoch 3 -- Step 5010: Gen Loss: 154.339; Mel Error:1.015; Q Loss: 0.816; Distill Loss: 0.565; Time cost per step: 1.565s
Epoch 3 -- Step 5020: Gen Loss: 153.527; Mel Error:1.042; Q Loss: 0.720; Distill Loss: 0.567; Time cost per step: 1.564s
Epoch 3 -- Step 5030: Gen Loss: 159.843; Mel Error:1.013; Q Loss: 0.802; Distill Loss: 0.567; Time cost per step: 1.565s
Epoch 3 -- Step 5040: Gen Loss: 158.575; Mel Error:0.963; Q Loss: 0.872; Distill Loss: 0.573; Time cost per step: 1.564s
Epoch 3 -- Step 5050: Gen Loss: 167.992; Mel Error:1.079; Q Loss: 0.855; Distill Loss: 0.562; Time cost per step: 1.565s
Epoch 3 -- Step 5060: Gen Loss: 161.462; Mel Error:1.042; Q Loss: 0.847; Distill Loss: 0.566; Time cost per step: 1.564s
Epoch 3 -- Step 5070: Gen Loss: 155.182; Mel Error:1.057; Q Loss: 0.796; Distill Loss: 0.545; Time cost per step: 1.565s
Epoch 3 -- Step 5080: Gen Loss: 167.474; Mel Error:1.025; Q Loss: 0.874; Distill Loss: 0.576; Time cost per step: 1.564s
Epoch 3 -- Step 5090: Gen Loss: 159.142; Mel Error:1.001; Q Loss: 0.855; Distill Loss: 0.569; Time cost per step: 1.565s
Epoch 3 -- Step 5100: Gen Loss: 172.022; Mel Error:1.053; Q Loss: 1.210; Distill Loss: 0.567; Time cost per step: 1.565s
Epoch 3 -- Step 5110: Gen Loss: 162.969; Mel Error:1.164; Q Loss: 0.864; Distill Loss: 0.571; Time cost per step: 1.564s
Epoch 3 -- Step 5120: Gen Loss: 170.586; Mel Error:1.100; Q Loss: 0.920; Distill Loss: 0.559; Time cost per step: 1.565s
Epoch 3 -- Step 5130: Gen Loss: 160.509; Mel Error:1.065; Q Loss: 0.910; Distill Loss: 0.571; Time cost per step: 1.564s
Epoch 3 -- Step 5140: Gen Loss: 159.423; Mel Error:1.036; Q Loss: 0.955; Distill Loss: 0.552; Time cost per step: 1.564s
Epoch 3 -- Step 5150: Gen Loss: 161.890; Mel Error:1.065; Q Loss: 0.896; Distill Loss: 0.565; Time cost per step: 1.564s
Epoch 3 -- Step 5160: Gen Loss: 149.943; Mel Error:0.915; Q Loss: 0.800; Distill Loss: 0.546; Time cost per step: 1.565s
Epoch 3 -- Step 5170: Gen Loss: 151.294; Mel Error:0.953; Q Loss: 0.795; Distill Loss: 0.551; Time cost per step: 1.565s
Epoch 3 -- Step 5180: Gen Loss: 162.866; Mel Error:1.173; Q Loss: 0.940; Distill Loss: 0.550; Time cost per step: 1.564s
Epoch 3 -- Step 5190: Gen Loss: 163.310; Mel Error:1.028; Q Loss: 0.908; Distill Loss: 0.566; Time cost per step: 1.564s
Epoch 3 -- Step 5200: Gen Loss: 150.156; Mel Error:0.943; Q Loss: 0.827; Distill Loss: 0.548; Time cost per step: 1.565s
Epoch 3 -- Step 5210: Gen Loss: 158.387; Mel Error:0.991; Q Loss: 1.028; Distill Loss: 0.567; Time cost per step: 1.566s
Epoch 3 -- Step 5220: Gen Loss: 171.747; Mel Error:1.071; Q Loss: 1.131; Distill Loss: 0.566; Time cost per step: 1.565s
Epoch 3 -- Step 5230: Gen Loss: 155.148; Mel Error:1.003; Q Loss: 0.993; Distill Loss: 0.547; Time cost per step: 1.566s
Epoch 3 -- Step 5240: Gen Loss: 160.732; Mel Error:0.985; Q Loss: 1.027; Distill Loss: 0.563; Time cost per step: 1.566s
Epoch 3 -- Step 5250: Gen Loss: 150.112; Mel Error:0.957; Q Loss: 0.754; Distill Loss: 0.541; Time cost per step: 1.567s
Epoch 3 -- Step 5260: Gen Loss: 154.354; Mel Error:0.964; Q Loss: 0.921; Distill Loss: 0.565; Time cost per step: 1.565s
Epoch 3 -- Step 5270: Gen Loss: 161.086; Mel Error:0.996; Q Loss: 1.040; Distill Loss: 0.557; Time cost per step: 1.565s
Epoch 3 -- Step 5280: Gen Loss: 151.256; Mel Error:0.889; Q Loss: 0.953; Distill Loss: 0.537; Time cost per step: 1.565s
Epoch 3 -- Step 5290: Gen Loss: 162.507; Mel Error:0.871; Q Loss: 1.112; Distill Loss: 0.553; Time cost per step: 1.566s
Epoch 3 -- Step 5300: Gen Loss: 150.137; Mel Error:0.976; Q Loss: 0.933; Distill Loss: 0.552; Time cost per step: 1.566s
Epoch 3 -- Step 5310: Gen Loss: 148.999; Mel Error:1.037; Q Loss: 0.820; Distill Loss: 0.539; Time cost per step: 1.565s
Epoch 3 -- Step 5320: Gen Loss: 154.524; Mel Error:0.971; Q Loss: 0.955; Distill Loss: 0.552; Time cost per step: 1.566s
Epoch 3 -- Step 5330: Gen Loss: 151.660; Mel Error:0.885; Q Loss: 0.970; Distill Loss: 0.562; Time cost per step: 1.565s
Epoch:4 start...
Epoch 4 -- Step 5340: Gen Loss: 161.797; Mel Error:0.986; Q Loss: 1.023; Distill Loss: 0.558; Time cost per step: 1.565s
Epoch 4 -- Step 5350: Gen Loss: 156.563; Mel Error:0.943; Q Loss: 1.089; Distill Loss: 0.557; Time cost per step: 1.566s
Epoch 4 -- Step 5360: Gen Loss: 161.265; Mel Error:0.989; Q Loss: 1.055; Distill Loss: 0.565; Time cost per step: 1.565s
Epoch 4 -- Step 5370: Gen Loss: 166.724; Mel Error:1.110; Q Loss: 0.982; Distill Loss: 0.552; Time cost per step: 1.564s
Epoch 4 -- Step 5380: Gen Loss: 160.170; Mel Error:1.021; Q Loss: 1.066; Distill Loss: 0.550; Time cost per step: 1.564s
Epoch 4 -- Step 5390: Gen Loss: 157.476; Mel Error:1.068; Q Loss: 0.955; Distill Loss: 0.556; Time cost per step: 1.564s
Epoch 4 -- Step 5400: Gen Loss: 158.289; Mel Error:0.900; Q Loss: 1.084; Distill Loss: 0.539; Time cost per step: 1.565s
Epoch 4 -- Step 5410: Gen Loss: 163.848; Mel Error:0.995; Q Loss: 1.126; Distill Loss: 0.565; Time cost per step: 1.564s
Epoch 4 -- Step 5420: Gen Loss: 174.926; Mel Error:1.291; Q Loss: 1.154; Distill Loss: 0.567; Time cost per step: 1.564s
Epoch 4 -- Step 5430: Gen Loss: 166.050; Mel Error:1.086; Q Loss: 1.038; Distill Loss: 0.557; Time cost per step: 1.565s
Epoch 4 -- Step 5440: Gen Loss: 162.507; Mel Error:1.026; Q Loss: 1.104; Distill Loss: 0.560; Time cost per step: 1.565s
Epoch 4 -- Step 5450: Gen Loss: 153.881; Mel Error:0.947; Q Loss: 0.997; Distill Loss: 0.561; Time cost per step: 1.566s
Epoch 4 -- Step 5460: Gen Loss: 143.468; Mel Error:0.936; Q Loss: 0.879; Distill Loss: 0.539; Time cost per step: 1.566s
Epoch 4 -- Step 5470: Gen Loss: 157.837; Mel Error:0.973; Q Loss: 1.070; Distill Loss: 0.548; Time cost per step: 1.565s
Epoch 4 -- Step 5480: Gen Loss: 172.668; Mel Error:1.111; Q Loss: 1.183; Distill Loss: 0.561; Time cost per step: 1.565s
Epoch 4 -- Step 5490: Gen Loss: 145.785; Mel Error:0.880; Q Loss: 1.077; Distill Loss: 0.546; Time cost per step: 1.565s
Epoch 4 -- Step 5500: Gen Loss: 175.568; Mel Error:1.161; Q Loss: 1.243; Distill Loss: 0.558; Time cost per step: 1.564s
Epoch 4 -- Step 5510: Gen Loss: 152.009; Mel Error:0.904; Q Loss: 1.015; Distill Loss: 0.549; Time cost per step: 1.565s
Epoch 4 -- Step 5520: Gen Loss: 150.096; Mel Error:0.981; Q Loss: 0.957; Distill Loss: 0.550; Time cost per step: 1.565s
Epoch 4 -- Step 5530: Gen Loss: 147.695; Mel Error:0.989; Q Loss: 0.919; Distill Loss: 0.529; Time cost per step: 1.566s
Epoch 4 -- Step 5540: Gen Loss: 163.826; Mel Error:1.051; Q Loss: 1.029; Distill Loss: 0.555; Time cost per step: 1.565s
Epoch 4 -- Step 5550: Gen Loss: 158.579; Mel Error:0.963; Q Loss: 1.114; Distill Loss: 0.548; Time cost per step: 1.565s
Epoch 4 -- Step 5560: Gen Loss: 166.492; Mel Error:0.940; Q Loss: 1.145; Distill Loss: 0.549; Time cost per step: 1.566s
Epoch 4 -- Step 5570: Gen Loss: 160.904; Mel Error:1.045; Q Loss: 1.096; Distill Loss: 0.551; Time cost per step: 1.566s
Epoch 4 -- Step 5580: Gen Loss: 146.958; Mel Error:0.977; Q Loss: 0.875; Distill Loss: 0.539; Time cost per step: 1.565s
Epoch 4 -- Step 5590: Gen Loss: 170.028; Mel Error:0.995; Q Loss: 1.292; Distill Loss: 0.563; Time cost per step: 1.565s
Epoch 4 -- Step 5600: Gen Loss: 150.097; Mel Error:0.964; Q Loss: 1.003; Distill Loss: 0.536; Time cost per step: 1.566s
Epoch 4 -- Step 5610: Gen Loss: 151.024; Mel Error:0.936; Q Loss: 1.008; Distill Loss: 0.535; Time cost per step: 1.565s
Epoch 4 -- Step 5620: Gen Loss: 159.571; Mel Error:0.883; Q Loss: 1.132; Distill Loss: 0.568; Time cost per step: 1.566s
Epoch 4 -- Step 5630: Gen Loss: 167.396; Mel Error:0.997; Q Loss: 1.126; Distill Loss: 0.565; Time cost per step: 1.566s
Epoch 4 -- Step 5640: Gen Loss: 154.704; Mel Error:0.935; Q Loss: 1.105; Distill Loss: 0.541; Time cost per step: 1.565s
Epoch 4 -- Step 5650: Gen Loss: 150.711; Mel Error:0.878; Q Loss: 1.144; Distill Loss: 0.545; Time cost per step: 1.564s
Epoch 4 -- Step 5660: Gen Loss: 150.803; Mel Error:0.854; Q Loss: 1.137; Distill Loss: 0.564; Time cost per step: 1.565s
Epoch 4 -- Step 5670: Gen Loss: 163.407; Mel Error:0.944; Q Loss: 1.267; Distill Loss: 0.561; Time cost per step: 1.564s
Epoch 4 -- Step 5680: Gen Loss: 152.415; Mel Error:0.860; Q Loss: 1.081; Distill Loss: 0.552; Time cost per step: 1.565s
Epoch 4 -- Step 5690: Gen Loss: 152.996; Mel Error:0.917; Q Loss: 1.122; Distill Loss: 0.556; Time cost per step: 1.564s
Epoch 4 -- Step 5700: Gen Loss: 144.092; Mel Error:0.861; Q Loss: 0.977; Distill Loss: 0.546; Time cost per step: 1.565s
Epoch 4 -- Step 5710: Gen Loss: 154.764; Mel Error:0.924; Q Loss: 1.152; Distill Loss: 0.559; Time cost per step: 1.566s
Epoch 4 -- Step 5720: Gen Loss: 153.942; Mel Error:0.959; Q Loss: 1.079; Distill Loss: 0.537; Time cost per step: 1.566s
Epoch 4 -- Step 5730: Gen Loss: 160.482; Mel Error:0.937; Q Loss: 1.327; Distill Loss: 0.541; Time cost per step: 1.565s
Epoch 4 -- Step 5740: Gen Loss: 153.437; Mel Error:0.832; Q Loss: 1.274; Distill Loss: 0.551; Time cost per step: 1.564s
Epoch 4 -- Step 5750: Gen Loss: 154.746; Mel Error:0.872; Q Loss: 1.137; Distill Loss: 0.540; Time cost per step: 1.565s
Epoch 4 -- Step 5760: Gen Loss: 148.659; Mel Error:0.926; Q Loss: 1.069; Distill Loss: 0.539; Time cost per step: 1.565s
Epoch 4 -- Step 5770: Gen Loss: 150.790; Mel Error:0.928; Q Loss: 1.130; Distill Loss: 0.546; Time cost per step: 1.567s
Epoch 4 -- Step 5780: Gen Loss: 145.501; Mel Error:0.902; Q Loss: 1.059; Distill Loss: 0.522; Time cost per step: 1.565s
Epoch 4 -- Step 5790: Gen Loss: 164.350; Mel Error:1.029; Q Loss: 1.356; Distill Loss: 0.567; Time cost per step: 1.565s
Epoch 4 -- Step 5800: Gen Loss: 145.406; Mel Error:0.915; Q Loss: 1.060; Distill Loss: 0.522; Time cost per step: 1.566s
Epoch 4 -- Step 5810: Gen Loss: 169.514; Mel Error:0.944; Q Loss: 1.384; Distill Loss: 0.539; Time cost per step: 1.566s
Epoch 4 -- Step 5820: Gen Loss: 169.235; Mel Error:1.142; Q Loss: 1.241; Distill Loss: 0.545; Time cost per step: 1.566s
Epoch 4 -- Step 5830: Gen Loss: 161.820; Mel Error:0.995; Q Loss: 1.313; Distill Loss: 0.550; Time cost per step: 1.565s
Epoch 4 -- Step 5840: Gen Loss: 150.317; Mel Error:0.875; Q Loss: 1.171; Distill Loss: 0.556; Time cost per step: 1.565s
Epoch 4 -- Step 5850: Gen Loss: 162.303; Mel Error:0.967; Q Loss: 1.376; Distill Loss: 0.557; Time cost per step: 1.564s
Epoch 4 -- Step 5860: Gen Loss: 161.666; Mel Error:0.945; Q Loss: 1.294; Distill Loss: 0.534; Time cost per step: 1.565s
Epoch 4 -- Step 5870: Gen Loss: 156.609; Mel Error:0.935; Q Loss: 1.160; Distill Loss: 0.545; Time cost per step: 1.565s
Epoch 4 -- Step 5880: Gen Loss: 146.362; Mel Error:0.841; Q Loss: 1.133; Distill Loss: 0.518; Time cost per step: 1.566s
Epoch 4 -- Step 5890: Gen Loss: 160.789; Mel Error:0.955; Q Loss: 1.356; Distill Loss: 0.541; Time cost per step: 1.564s
Epoch 4 -- Step 5900: Gen Loss: 169.139; Mel Error:0.994; Q Loss: 1.362; Distill Loss: 0.550; Time cost per step: 1.565s
Epoch 4 -- Step 5910: Gen Loss: 164.312; Mel Error:1.078; Q Loss: 1.206; Distill Loss: 0.557; Time cost per step: 1.565s
Epoch 4 -- Step 5920: Gen Loss: 163.891; Mel Error:1.055; Q Loss: 1.208; Distill Loss: 0.554; Time cost per step: 1.565s
Epoch 4 -- Step 5930: Gen Loss: 151.152; Mel Error:0.876; Q Loss: 1.165; Distill Loss: 0.543; Time cost per step: 1.564s
Epoch 4 -- Step 5940: Gen Loss: 148.902; Mel Error:0.885; Q Loss: 1.278; Distill Loss: 0.529; Time cost per step: 1.565s
Epoch 4 -- Step 5950: Gen Loss: 149.336; Mel Error:0.890; Q Loss: 1.309; Distill Loss: 0.531; Time cost per step: 1.565s
Epoch 4 -- Step 5960: Gen Loss: 157.105; Mel Error:1.008; Q Loss: 1.184; Distill Loss: 0.538; Time cost per step: 1.564s
Epoch 4 -- Step 5970: Gen Loss: 160.610; Mel Error:0.906; Q Loss: 1.401; Distill Loss: 0.543; Time cost per step: 1.565s
Epoch 4 -- Step 5980: Gen Loss: 149.930; Mel Error:0.925; Q Loss: 1.152; Distill Loss: 0.559; Time cost per step: 1.565s
Epoch 4 -- Step 5990: Gen Loss: 146.013; Mel Error:0.935; Q Loss: 1.206; Distill Loss: 0.549; Time cost per step: 1.565s
Epoch 4 -- Step 6000: Gen Loss: 148.481; Mel Error:0.856; Q Loss: 1.184; Distill Loss: 0.518; Time cost per step: 1.567s
Epoch 4 -- Step 6010: Gen Loss: 161.274; Mel Error:1.030; Q Loss: 1.185; Distill Loss: 0.549; Time cost per step: 1.566s
Epoch 4 -- Step 6020: Gen Loss: 150.395; Mel Error:0.934; Q Loss: 1.142; Distill Loss: 0.541; Time cost per step: 1.566s
Epoch 4 -- Step 6030: Gen Loss: 159.360; Mel Error:0.977; Q Loss: 1.240; Distill Loss: 0.549; Time cost per step: 1.565s
Epoch 4 -- Step 6040: Gen Loss: 156.380; Mel Error:0.929; Q Loss: 1.384; Distill Loss: 0.549; Time cost per step: 1.566s
Epoch 4 -- Step 6050: Gen Loss: 145.986; Mel Error:0.850; Q Loss: 1.045; Distill Loss: 0.542; Time cost per step: 1.564s
Epoch 4 -- Step 6060: Gen Loss: 167.508; Mel Error:1.052; Q Loss: 1.495; Distill Loss: 0.549; Time cost per step: 1.565s
Epoch 4 -- Step 6070: Gen Loss: 156.403; Mel Error:0.906; Q Loss: 1.424; Distill Loss: 0.540; Time cost per step: 1.564s
Epoch 4 -- Step 6080: Gen Loss: 167.792; Mel Error:0.918; Q Loss: 1.413; Distill Loss: 0.558; Time cost per step: 1.565s
Epoch 4 -- Step 6090: Gen Loss: 162.379; Mel Error:0.999; Q Loss: 1.334; Distill Loss: 0.551; Time cost per step: 1.565s
Epoch 4 -- Step 6100: Gen Loss: 154.071; Mel Error:0.820; Q Loss: 1.384; Distill Loss: 0.540; Time cost per step: 1.565s
Epoch 4 -- Step 6110: Gen Loss: 163.850; Mel Error:0.961; Q Loss: 1.644; Distill Loss: 0.546; Time cost per step: 1.566s
Epoch 4 -- Step 6120: Gen Loss: 173.722; Mel Error:0.922; Q Loss: 1.697; Distill Loss: 0.555; Time cost per step: 1.565s
Epoch 4 -- Step 6130: Gen Loss: 161.645; Mel Error:0.883; Q Loss: 1.501; Distill Loss: 0.548; Time cost per step: 1.565s
Epoch 4 -- Step 6140: Gen Loss: 164.415; Mel Error:0.890; Q Loss: 1.533; Distill Loss: 0.528; Time cost per step: 1.564s
Epoch 4 -- Step 6150: Gen Loss: 151.037; Mel Error:0.812; Q Loss: 1.375; Distill Loss: 0.545; Time cost per step: 1.564s
Epoch 4 -- Step 6160: Gen Loss: 148.355; Mel Error:0.850; Q Loss: 1.422; Distill Loss: 0.543; Time cost per step: 1.565s
Epoch 4 -- Step 6170: Gen Loss: 162.292; Mel Error:0.982; Q Loss: 1.410; Distill Loss: 0.531; Time cost per step: 1.565s
Epoch 4 -- Step 6180: Gen Loss: 149.794; Mel Error:0.820; Q Loss: 1.481; Distill Loss: 0.541; Time cost per step: 1.564s
Epoch 4 -- Step 6190: Gen Loss: 149.018; Mel Error:0.881; Q Loss: 1.388; Distill Loss: 0.560; Time cost per step: 1.565s
Epoch 4 -- Step 6200: Gen Loss: 142.283; Mel Error:0.919; Q Loss: 1.063; Distill Loss: 0.514; Time cost per step: 1.565s
Epoch 4 -- Step 6210: Gen Loss: 152.859; Mel Error:0.899; Q Loss: 1.464; Distill Loss: 0.544; Time cost per step: 1.565s
Epoch 4 -- Step 6220: Gen Loss: 162.002; Mel Error:0.961; Q Loss: 1.565; Distill Loss: 0.542; Time cost per step: 1.564s
Epoch 4 -- Step 6230: Gen Loss: 154.152; Mel Error:0.888; Q Loss: 1.396; Distill Loss: 0.543; Time cost per step: 1.564s
Epoch 4 -- Step 6240: Gen Loss: 146.861; Mel Error:0.816; Q Loss: 1.222; Distill Loss: 0.522; Time cost per step: 1.565s
Epoch 4 -- Step 6250: Gen Loss: 145.645; Mel Error:0.826; Q Loss: 1.232; Distill Loss: 0.531; Time cost per step: 1.565s
Epoch 4 -- Step 6260: Gen Loss: 157.462; Mel Error:0.952; Q Loss: 1.382; Distill Loss: 0.523; Time cost per step: 1.565s
Epoch 4 -- Step 6270: Gen Loss: 139.806; Mel Error:0.748; Q Loss: 1.294; Distill Loss: 0.513; Time cost per step: 1.565s
Epoch 4 -- Step 6280: Gen Loss: 167.465; Mel Error:0.947; Q Loss: 1.769; Distill Loss: 0.549; Time cost per step: 1.564s
Epoch 4 -- Step 6290: Gen Loss: 154.019; Mel Error:0.939; Q Loss: 1.291; Distill Loss: 0.550; Time cost per step: 1.565s
Epoch 4 -- Step 6300: Gen Loss: 153.889; Mel Error:0.847; Q Loss: 1.473; Distill Loss: 0.543; Time cost per step: 1.565s
Epoch 4 -- Step 6310: Gen Loss: 144.585; Mel Error:0.893; Q Loss: 1.255; Distill Loss: 0.535; Time cost per step: 1.565s
Epoch 4 -- Step 6320: Gen Loss: 160.696; Mel Error:0.854; Q Loss: 1.467; Distill Loss: 0.549; Time cost per step: 1.565s
Epoch 4 -- Step 6330: Gen Loss: 147.641; Mel Error:0.866; Q Loss: 1.395; Distill Loss: 0.549; Time cost per step: 1.565s
Epoch 4 -- Step 6340: Gen Loss: 149.327; Mel Error:0.853; Q Loss: 1.383; Distill Loss: 0.546; Time cost per step: 1.564s
Epoch 4 -- Step 6350: Gen Loss: 146.703; Mel Error:0.886; Q Loss: 1.194; Distill Loss: 0.526; Time cost per step: 1.564s
Epoch 4 -- Step 6360: Gen Loss: 145.424; Mel Error:0.859; Q Loss: 1.244; Distill Loss: 0.537; Time cost per step: 1.565s
Epoch 4 -- Step 6370: Gen Loss: 150.009; Mel Error:0.912; Q Loss: 1.388; Distill Loss: 0.545; Time cost per step: 1.564s
Epoch 4 -- Step 6380: Gen Loss: 161.076; Mel Error:0.920; Q Loss: 1.636; Distill Loss: 0.534; Time cost per step: 1.565s
Epoch 4 -- Step 6390: Gen Loss: 155.432; Mel Error:1.005; Q Loss: 1.345; Distill Loss: 0.538; Time cost per step: 1.564s
Epoch 4 -- Step 6400: Gen Loss: 161.985; Mel Error:0.950; Q Loss: 1.528; Distill Loss: 0.548; Time cost per step: 1.565s
Epoch 4 -- Step 6410: Gen Loss: 155.075; Mel Error:0.805; Q Loss: 1.510; Distill Loss: 0.550; Time cost per step: 1.564s
Epoch 4 -- Step 6420: Gen Loss: 158.107; Mel Error:0.867; Q Loss: 1.418; Distill Loss: 0.533; Time cost per step: 1.565s
Epoch 4 -- Step 6430: Gen Loss: 153.896; Mel Error:0.915; Q Loss: 1.614; Distill Loss: 0.521; Time cost per step: 1.565s
Epoch 4 -- Step 6440: Gen Loss: 154.823; Mel Error:0.878; Q Loss: 1.563; Distill Loss: 0.548; Time cost per step: 1.565s
Epoch 4 -- Step 6450: Gen Loss: 147.291; Mel Error:0.836; Q Loss: 1.509; Distill Loss: 0.540; Time cost per step: 1.564s
Epoch 4 -- Step 6460: Gen Loss: 146.461; Mel Error:0.845; Q Loss: 1.415; Distill Loss: 0.544; Time cost per step: 1.564s
Epoch 4 -- Step 6470: Gen Loss: 161.190; Mel Error:0.927; Q Loss: 1.734; Distill Loss: 0.552; Time cost per step: 1.565s
Epoch 4 -- Step 6480: Gen Loss: 158.602; Mel Error:0.903; Q Loss: 1.596; Distill Loss: 0.534; Time cost per step: 1.565s
Epoch 4 -- Step 6490: Gen Loss: 148.457; Mel Error:0.827; Q Loss: 1.435; Distill Loss: 0.537; Time cost per step: 1.565s
Epoch 4 -- Step 6500: Gen Loss: 141.655; Mel Error:0.804; Q Loss: 1.344; Distill Loss: 0.512; Time cost per step: 1.565s
Epoch 4 -- Step 6510: Gen Loss: 147.846; Mel Error:0.779; Q Loss: 1.464; Distill Loss: 0.539; Time cost per step: 1.565s
Epoch 4 -- Step 6520: Gen Loss: 142.416; Mel Error:0.773; Q Loss: 1.359; Distill Loss: 0.515; Time cost per step: 1.565s
Epoch 4 -- Step 6530: Gen Loss: 159.315; Mel Error:1.063; Q Loss: 1.424; Distill Loss: 0.530; Time cost per step: 1.565s
Epoch 4 -- Step 6540: Gen Loss: 150.996; Mel Error:0.820; Q Loss: 1.493; Distill Loss: 0.531; Time cost per step: 1.565s
Epoch 4 -- Step 6550: Gen Loss: 149.662; Mel Error:0.838; Q Loss: 1.487; Distill Loss: 0.526; Time cost per step: 1.565s
Epoch 4 -- Step 6560: Gen Loss: 145.158; Mel Error:0.833; Q Loss: 1.479; Distill Loss: 0.526; Time cost per step: 1.566s
Epoch 4 -- Step 6570: Gen Loss: 144.065; Mel Error:0.804; Q Loss: 1.418; Distill Loss: 0.532; Time cost per step: 1.565s
Epoch 4 -- Step 6580: Gen Loss: 162.530; Mel Error:0.923; Q Loss: 1.637; Distill Loss: 0.545; Time cost per step: 1.565s
Epoch 4 -- Step 6590: Gen Loss: 146.303; Mel Error:0.813; Q Loss: 1.402; Distill Loss: 0.527; Time cost per step: 1.565s
Epoch 4 -- Step 6600: Gen Loss: 147.582; Mel Error:0.843; Q Loss: 1.297; Distill Loss: 0.540; Time cost per step: 1.566s
Epoch 4 -- Step 6610: Gen Loss: 143.166; Mel Error:0.792; Q Loss: 1.321; Distill Loss: 0.522; Time cost per step: 1.566s
Epoch 4 -- Step 6620: Gen Loss: 148.684; Mel Error:0.890; Q Loss: 1.444; Distill Loss: 0.538; Time cost per step: 1.566s
Epoch 4 -- Step 6630: Gen Loss: 160.130; Mel Error:0.969; Q Loss: 1.553; Distill Loss: 0.531; Time cost per step: 1.565s
Epoch 4 -- Step 6640: Gen Loss: 161.926; Mel Error:0.914; Q Loss: 1.605; Distill Loss: 0.547; Time cost per step: 1.565s
Epoch 4 -- Step 6650: Gen Loss: 142.451; Mel Error:0.812; Q Loss: 1.312; Distill Loss: 0.516; Time cost per step: 1.565s
Epoch 4 -- Step 6660: Gen Loss: 156.923; Mel Error:0.828; Q Loss: 1.678; Distill Loss: 0.524; Time cost per step: 1.565s
Epoch:5 start...
